#
# A fatal error has been detected by the Java Runtime Environment:
#
#  SIGBUS (0xa) at pc=0x000000030fe30e00, pid=9659, tid=44291
#
# JRE version: OpenJDK Runtime Environment Corretto-11.0.14.10.1 (11.0.14.1+10) (build 11.0.14.1+10-LTS)
# Java VM: OpenJDK 64-Bit Server VM Corretto-11.0.14.10.1 (11.0.14.1+10-LTS, mixed mode, tiered, compressed oops, g1 gc, bsd-amd64)
# Problematic frame:
# C  0x000000030fe30e00
#
# No core dump will be written. Core dumps have been disabled. To enable core dumping, try "ulimit -c unlimited" before starting Java again
#
# If you would like to submit a bug report, please visit:
#   https://github.com/corretto/corretto-11/issues/
#

---------------  S U M M A R Y ------------

Command Line: -XX:TieredStopAtLevel=1 -Xverify:none -Dspring.output.ansi.enabled=always -Dcom.sun.management.jmxremote -Dspring.jmx.enabled=true -Dspring.liveBeansView.mbeanDomain -Dspring.application.admin.enabled=true -javaagent:/Applications/IntelliJ IDEA.app/Contents/lib/idea_rt.jar=60160:/Applications/IntelliJ IDEA.app/Contents/bin -agentpath:/private/var/folders/1q/zjrwwc1d4ksbf69739vfgzw80000gn/T/libasyncProfiler.so=start,jfr,event=cpu,interval=1ms,event=alloc,file=/Users/erikaosterbur/OsterburErikaPetMedCaseStudyApplication_2022_04_12_192221.jfr -Dfile.encoding=UTF-8 com.teksystems.Osterbur_Erika_PetMed_CaseStudy.OsterburErikaPetMedCaseStudyApplication

Host: iMac21,1 x86_64 2400 MHz, 8 cores, 16G, Darwin 21.1.0
Time: Tue Apr 12 19:22:25 2022 CDT elapsed time: 3.655137 seconds (0d 0h 0m 3s)

---------------  T H R E A D  ---------------

Current thread (0x00007f9fa2c79800):  JavaThread "restartedMain" [_thread_in_vm, id=44291, stack(0x000000030fd33000,0x000000030fe33000)]

Stack: [0x000000030fd33000,0x000000030fe33000],  sp=0x000000030fe30dd8,  free space=1015k
Native frames: (J=compiled Java code, A=aot compiled Java code, j=interpreted, Vv=VM code, C=native code)
C  0x000000030fe30e00

Java frames: (J=compiled Java code, j=interpreted, Vv=VM code)
v  ~RuntimeStub::new_type_array Runtime1 stub
J 305 c1 java.lang.StringCoding.encodeUTF8(B[BZ)[B java.base@11.0.14.1 (132 bytes) @ 0x00000001193596f6 [0x0000000119359280+0x0000000000000476]
J 306 c1 java.util.zip.ZipCoder$UTF8.getBytes(Ljava/lang/String;)[B java.base@11.0.14.1 (10 bytes) @ 0x0000000119359e8c [0x0000000119359e40+0x000000000000004c]
J 321 c1 java.util.zip.ZipFile.getEntry(Ljava/lang/String;Ljava/util/function/Function;)Ljava/util/zip/ZipEntry; java.base@11.0.14.1 (73 bytes) @ 0x000000011935fc6c [0x000000011935fb00+0x000000000000016c]
J 1253 c1 java.util.jar.JarFile.getVersionedEntry(Ljava/lang/String;Ljava/util/jar/JarEntry;)Ljava/util/jar/JarEntry; java.base@11.0.14.1 (85 bytes) @ 0x0000000119512874 [0x0000000119512560+0x0000000000000314]
J 1207 c1 java.util.jar.JarFile.getEntry(Ljava/lang/String;)Ljava/util/zip/ZipEntry; java.base@11.0.14.1 (22 bytes) @ 0x00000001194fa7a4 [0x00000001194fa5e0+0x00000000000001c4]
J 1212 c1 jdk.internal.loader.URLClassPath$JarLoader.getResource(Ljava/lang/String;Z)Ljdk/internal/loader/Resource; java.base@11.0.14.1 (65 bytes) @ 0x00000001194f9c24 [0x00000001194f9ba0+0x0000000000000084]
J 1184 c1 jdk.internal.loader.URLClassPath.getResource(Ljava/lang/String;Z)Ljdk/internal/loader/Resource; java.base@11.0.14.1 (74 bytes) @ 0x00000001194ece44 [0x00000001194ecde0+0x0000000000000064]
J 1336 c1 jdk.internal.loader.BuiltinClassLoader.findClassOnClassPathOrNull(Ljava/lang/String;)Ljava/lang/Class; java.base@11.0.14.1 (64 bytes) @ 0x00000001195404cc [0x0000000119540420+0x00000000000000ac]
J 1180 c1 jdk.internal.loader.BuiltinClassLoader.loadClassOrNull(Ljava/lang/String;Z)Ljava/lang/Class; java.base@11.0.14.1 (143 bytes) @ 0x00000001194e1014 [0x00000001194e0b20+0x00000000000004f4]
J 1263 c1 jdk.internal.loader.ClassLoaders$AppClassLoader.loadClass(Ljava/lang/String;Z)Ljava/lang/Class; java.base@11.0.14.1 (40 bytes) @ 0x0000000119518ed4 [0x0000000119518d80+0x0000000000000154]
J 1254 c1 java.lang.ClassLoader.loadClass(Ljava/lang/String;)Ljava/lang/Class; java.base@11.0.14.1 (7 bytes) @ 0x0000000119513484 [0x0000000119513440+0x0000000000000044]
v  ~StubRoutines::call_stub
j  org.springframework.beans.factory.config.EmbeddedValueResolver.<init>(Lorg/springframework/beans/factory/config/ConfigurableBeanFactory;)V+5
j  org.springframework.context.support.ApplicationContextAwareProcessor.<init>(Lorg/springframework/context/ConfigurableApplicationContext;)V+20
j  org.springframework.context.support.AbstractApplicationContext.prepareBeanFactory(Lorg/springframework/beans/factory/config/ConfigurableListableBeanFactory;)V+59
j  org.springframework.context.support.AbstractApplicationContext.refresh()V+30
j  org.springframework.boot.web.servlet.context.ServletWebServerApplicationContext.refresh()V+1
j  org.springframework.boot.SpringApplication.refresh(Lorg/springframework/context/ConfigurableApplicationContext;)V+1
j  org.springframework.boot.SpringApplication.refreshContext(Lorg/springframework/context/ConfigurableApplicationContext;)V+16
j  org.springframework.boot.SpringApplication.run([Ljava/lang/String;)Lorg/springframework/context/ConfigurableApplicationContext;+107
j  org.springframework.boot.SpringApplication.run([Ljava/lang/Class;[Ljava/lang/String;)Lorg/springframework/context/ConfigurableApplicationContext;+9
j  org.springframework.boot.SpringApplication.run(Ljava/lang/Class;[Ljava/lang/String;)Lorg/springframework/context/ConfigurableApplicationContext;+9
j  com.teksystems.Osterbur_Erika_PetMed_CaseStudy.OsterburErikaPetMedCaseStudyApplication.main([Ljava/lang/String;)V+3
v  ~StubRoutines::call_stub
j  jdk.internal.reflect.NativeMethodAccessorImpl.invoke0(Ljava/lang/reflect/Method;Ljava/lang/Object;[Ljava/lang/Object;)Ljava/lang/Object;+0 java.base@11.0.14.1
j  jdk.internal.reflect.NativeMethodAccessorImpl.invoke(Ljava/lang/Object;[Ljava/lang/Object;)Ljava/lang/Object;+100 java.base@11.0.14.1
j  jdk.internal.reflect.DelegatingMethodAccessorImpl.invoke(Ljava/lang/Object;[Ljava/lang/Object;)Ljava/lang/Object;+6 java.base@11.0.14.1
j  java.lang.reflect.Method.invoke(Ljava/lang/Object;[Ljava/lang/Object;)Ljava/lang/Object;+59 java.base@11.0.14.1
j  org.springframework.boot.devtools.restart.RestartLauncher.run()V+42
v  ~StubRoutines::call_stub

siginfo: si_signo: 10 (SIGBUS), si_code: 2 (BUS_ADRERR), si_addr: 0x000000030fe30e00

Register to memory mapping:

RAX=0x000000010ec85580: _ZN15JfrEventSetting19_jvm_event_settingsE+0 in /Users/erikaosterbur/Library/Java/JavaVirtualMachines/corretto-11.0.14.1/Contents/Home/lib/server/libjvm.dylib at 0x000000010e2b4000
RBX=0x000000030fe30df8 is pointing into the stack for thread: 0x00007f9fa2c79800
RCX=0x00007f9fa2c79800 is a thread
RDX=0x0000000000000070 is an unknown value
RSP=0x000000030fe30dd8 is pointing into the stack for thread: 0x00007f9fa2c79800
RBP=0x000000010e87c6a6: _ZN12MemAllocator10Allocation17notify_allocationEv+0x16 in /Users/erikaosterbur/Library/Java/JavaVirtualMachines/corretto-11.0.14.1/Contents/Home/lib/server/libjvm.dylib at 0x000000010e2b4000
RSI=0x000000070eb7d738 is an oop: [B 
{0x000000070eb7d738} - klass: {type array byte}
 - length: 89
RDI=0x000000030fe30da8 is pointing into the stack for thread: 0x00007f9fa2c79800
R8 =0x00007f9fa2c79800 is a thread
R9 =0x00007f9fa2c79800 is a thread
R10=0x0000000104e80000 points into unknown readable memory: 0x0000000000000000 | 00 00 00 00 00 00 00 00
R11=0x000000010e4de924: _ZN13CollectedHeap14array_allocateEP5KlassiibP6Thread+0 in /Users/erikaosterbur/Library/Java/JavaVirtualMachines/corretto-11.0.14.1/Contents/Home/lib/server/libjvm.dylib at 0x000000010e2b4000
R12=0x0 is NULL
R13=0x000000000000003b is an unknown value
R14=0x000000070eb7d738 is an oop: [B 
{0x000000070eb7d738} - klass: {type array byte}
 - length: 89
R15=0x00007f9fa2c79800 is a thread


Registers:
RAX=0x000000010ec85580, RBX=0x000000030fe30df8, RCX=0x00007f9fa2c79800, RDX=0x0000000000000070
RSP=0x000000030fe30dd8, RBP=0x000000010e87c6a6, RSI=0x000000070eb7d738, RDI=0x000000030fe30da8
R8 =0x00007f9fa2c79800, R9 =0x00007f9fa2c79800, R10=0x0000000104e80000, R11=0x000000010e4de924
R12=0x0000000000000000, R13=0x000000000000003b, R14=0x000000070eb7d738, R15=0x00007f9fa2c79800
RIP=0x000000030fe30e00, EFLAGS=0x0000000000000212, ERR=0x0000000000000015
  TRAPNO=0x000000000000000e

Top of Stack: (sp=0x000000030fe30dd8)
0x000000030fe30dd8:   000000030fe30e50 000000030fe30e40
0x000000030fe30de8:   000000010e87ca99 000000ae00000000
0x000000030fe30df8:   000000030fe30e50 00007f9fa2c79800
0x000000030fe30e08:   000000030fe30e28 0000000000000000
0x000000030fe30e18:   000000000000d95c 0000000000000000
0x000000030fe30e28:   000000070eb7d738 00007f9fa2c79800
0x000000030fe30e38:   0000000000000009 000000030fe30e80
0x000000030fe30e48:   000000010e4de967 000000010ec28990
0x000000030fe30e58:   00007f9fa3015e00 00007f9fa2c79800
0x000000030fe30e68:   0000000800000820 000000000000000e
0x000000030fe30e78:   00007f0100000059 000000030fe30eb0
0x000000030fe30e88:   000000010e46cf10 0000000000000000
0x000000030fe30e98:   00007f9fa2c79800 0000000000000059
0x000000030fe30ea8:   0000000000000009 000000030fe31330
0x000000030fe30eb8:   0000000118cb1fe8 0000000000000000
0x000000030fe30ec8:   0000000000000000 6769666e6f632f79
0x000000030fe30ed8:   000000030fe32020 00000000aba05b38
0x000000030fe30ee8:   8505271e95751ed3 0009000200000008
0x000000030fe30ef8:   0000000000000000 0000000000000000
0x000000030fe30f08:   0000000000000000 0000000000000000
0x000000030fe30f18:   0000000000000000 0000000000000000
0x000000030fe30f28:   0000000000000000 0000000000000000
0x000000030fe30f38:   0000000000000000 0000000000000000
0x000000030fe30f48:   00007f9fa2c79800 00007f9f90829c00
0x000000030fe30f58:   00007f9fa2c79800 00007f9f90829c98
0x000000030fe30f68:   000000030fe30fa0 000000030fe30fb0
0x000000030fe30f78:   000000010e95bd29 000000030fe314d8
0x000000030fe30f88:   00000007002dd970 00007f9fa2c79800
0x000000030fe30f98:   0000000000000000 0000000000000009
0x000000030fe30fa8:   00007f9fa2c79800 000000030fe30fd0
0x000000030fe30fb8:   000000010e46dde5 000000030fe314d8
0x000000030fe30fc8:   0000000000000009 000000030fe31450 

Instructions: (pc=0x000000030fe30e00)
0x000000030fe30d00:   28 31 16 02 00 60 00 00 18 0e e3 0f 03 00 00 00
0x000000030fe30d10:   d8 00 00 00 00 00 00 00 5c d9 00 00 00 00 00 00
0x000000030fe30d20:   5c d9 00 00 00 00 00 00 10 99 c7 a2 9f 7f 00 00
0x000000030fe30d30:   38 d7 b7 0e 07 00 00 00 68 0d e3 0f 03 00 00 00
0x000000030fe30d40:   26 33 68 0e 01 00 00 00 70 00 00 00 00 00 00 00
0x000000030fe30d50:   70 00 00 00 00 00 00 00 e0 ca 06 00 00 00 00 00
0x000000030fe30d60:   20 08 00 00 08 00 00 00 c8 0d e3 0f 03 00 00 00
0x000000030fe30d70:   97 0c 3b 0e 01 00 00 00 00 00 00 00 00 00 00 00
0x000000030fe30d80:   00 00 00 00 00 00 00 00 00 c9 87 0e 01 00 00 00
0x000000030fe30d90:   f8 0d e3 0f 03 00 00 00 f8 0d e3 0f 03 00 00 00
0x000000030fe30da0:   f8 0d e3 0f 03 00 00 00 00 00 00 00 00 00 00 00
0x000000030fe30db0:   f8 0d e3 0f 03 00 00 00 38 d7 b7 0e 07 00 00 00
0x000000030fe30dc0:   00 98 c7 a2 9f 7f 00 00 a6 c6 87 0e 01 00 00 00
0x000000030fe30dd0:   00 0e e3 0f 03 00 00 00 50 0e e3 0f 03 00 00 00
0x000000030fe30de0:   40 0e e3 0f 03 00 00 00 99 ca 87 0e 01 00 00 00
0x000000030fe30df0:   00 00 00 00 ae 00 00 00 50 0e e3 0f 03 00 00 00
0x000000030fe30e00:   00 98 c7 a2 9f 7f 00 00 28 0e e3 0f 03 00 00 00
0x000000030fe30e10:   00 00 00 00 00 00 00 00 5c d9 00 00 00 00 00 00
0x000000030fe30e20:   00 00 00 00 00 00 00 00 38 d7 b7 0e 07 00 00 00
0x000000030fe30e30:   00 98 c7 a2 9f 7f 00 00 09 00 00 00 00 00 00 00
0x000000030fe30e40:   80 0e e3 0f 03 00 00 00 67 e9 4d 0e 01 00 00 00
0x000000030fe30e50:   90 89 c2 0e 01 00 00 00 00 5e 01 a3 9f 7f 00 00
0x000000030fe30e60:   00 98 c7 a2 9f 7f 00 00 20 08 00 00 08 00 00 00
0x000000030fe30e70:   0e 00 00 00 00 00 00 00 59 00 00 00 01 7f 00 00
0x000000030fe30e80:   b0 0e e3 0f 03 00 00 00 10 cf 46 0e 01 00 00 00
0x000000030fe30e90:   00 00 00 00 00 00 00 00 00 98 c7 a2 9f 7f 00 00
0x000000030fe30ea0:   59 00 00 00 00 00 00 00 09 00 00 00 00 00 00 00
0x000000030fe30eb0:   30 13 e3 0f 03 00 00 00 e8 1f cb 18 01 00 00 00
0x000000030fe30ec0:   00 00 00 00 00 00 00 00 00 00 00 00 00 00 00 00
0x000000030fe30ed0:   79 2f 63 6f 6e 66 69 67 20 20 e3 0f 03 00 00 00
0x000000030fe30ee0:   38 5b a0 ab 00 00 00 00 d3 1e 75 95 1e 27 05 85
0x000000030fe30ef0:   08 00 00 00 02 00 09 00 00 00 00 00 00 00 00 00 


Stack slot to memory mapping:
stack at sp + 0 slots: 0x000000030fe30e50 is pointing into the stack for thread: 0x00007f9fa2c79800
stack at sp + 1 slots: 0x000000030fe30e40 is pointing into the stack for thread: 0x00007f9fa2c79800
stack at sp + 2 slots: 0x000000010e87ca99: _ZNK12MemAllocator8allocateEv+0x77 in /Users/erikaosterbur/Library/Java/JavaVirtualMachines/corretto-11.0.14.1/Contents/Home/lib/server/libjvm.dylib at 0x000000010e2b4000
stack at sp + 3 slots: 0x000000ae00000000 is an unknown value
stack at sp + 4 slots: 0x000000030fe30e50 is pointing into the stack for thread: 0x00007f9fa2c79800
stack at sp + 5 slots: 0x00007f9fa2c79800 is a thread
stack at sp + 6 slots: 0x000000030fe30e28 is pointing into the stack for thread: 0x00007f9fa2c79800
stack at sp + 7 slots: 0x0 is NULL


---------------  P R O C E S S  ---------------

Threads class SMR info:
_java_thread_list=0x00006000014a8100, length=17, elements={
0x00007f9fa300d000, 0x00007f9fa203e800, 0x00007f9fa203f800, 0x00007f9fa28b3800,
0x00007f9f8200b000, 0x00007f9f81011800, 0x00007f9fa2015000, 0x00007f9fa108a000,
0x00007f9fa28a2800, 0x00007f9fa1216000, 0x00007f9fa1218800, 0x00007f9fa225f000,
0x00007f9fa122d000, 0x00007f9fa22c8000, 0x00007f9fa22ea000, 0x00007f9fa2c79800,
0x00007f9fa336d800
}

Java Threads: ( => current thread )
  0x00007f9fa300d000 JavaThread "main" [_thread_blocked, id=7939, stack(0x000000030dfce000,0x000000030e0ce000)]
  0x00007f9fa203e800 JavaThread "Reference Handler" daemon [_thread_blocked, id=16387, stack(0x000000030e6e3000,0x000000030e7e3000)]
  0x00007f9fa203f800 JavaThread "Finalizer" daemon [_thread_blocked, id=15875, stack(0x000000030e7e6000,0x000000030e8e6000)]
  0x00007f9fa28b3800 JavaThread "Signal Dispatcher" daemon [_thread_blocked, id=41731, stack(0x000000030e9f7000,0x000000030eaf7000)]
  0x00007f9f8200b000 JavaThread "Service Thread" daemon [_thread_blocked, id=23811, stack(0x000000030eafa000,0x000000030ebfa000)]
  0x00007f9f81011800 JavaThread "C1 CompilerThread0" daemon [_thread_blocked, id=24323, stack(0x000000030ebfd000,0x000000030ecfd000)]
  0x00007f9fa2015000 JavaThread "Sweeper thread" daemon [_thread_blocked, id=40707, stack(0x000000030ed00000,0x000000030ee00000)]
  0x00007f9fa108a000 JavaThread "Common-Cleaner" daemon [_thread_blocked, id=25347, stack(0x000000030ee03000,0x000000030ef03000)]
  0x00007f9fa28a2800 JavaThread "Monitor Ctrl-Break" daemon [_thread_in_native, id=39683, stack(0x000000030ef06000,0x000000030f006000)]
  0x00007f9fa1216000 JavaThread "Async-profiler Timer" daemon [_thread_in_native, id=38511, stack(0x000000030f009000,0x000000030f089000)]
  0x00007f9fa1218800 JavaThread "RMI TCP Accept-0" daemon [_thread_in_native, id=37135, stack(0x000000030f10f000,0x000000030f20f000)]
  0x00007f9fa225f000 JavaThread "Attach Listener" daemon [_thread_blocked, id=35843, stack(0x000000030f315000,0x000000030f415000)]
  0x00007f9fa122d000 JavaThread "RMI TCP Connection(1)-127.0.0.1" daemon [_thread_in_native, id=35331, stack(0x000000030f418000,0x000000030f518000)]
  0x00007f9fa22c8000 JavaThread "RMI Scheduler(0)" daemon [_thread_blocked, id=29447, stack(0x000000030f51b000,0x000000030f61b000)]
  0x00007f9fa22ea000 JavaThread "Thread-0" [_thread_blocked, id=87043, stack(0x000000030fc30000,0x000000030fd30000)]
=>0x00007f9fa2c79800 JavaThread "restartedMain" [_thread_in_vm, id=44291, stack(0x000000030fd33000,0x000000030fe33000)]
  0x00007f9fa336d800 JavaThread "background-preinit" [_thread_blocked, id=86411, stack(0x000000030fe36000,0x000000030ff36000)]

Other Threads:
  0x00007f9fa3008800 VMThread "VM Thread" [stack: 0x000000030e5e0000,0x000000030e6e0000] [id=14339]
  0x00007f9fa28a5800 WatcherThread [stack: 0x000000030f212000,0x000000030f312000] [id=36743]
  0x00007f9fa301c000 GCTaskThread "GC Thread#0" [stack: 0x000000030e0d1000,0x000000030e1d1000] [id=12803]
  0x00007f9fa2b26000 GCTaskThread "GC Thread#1" [stack: 0x000000030f61e000,0x000000030f71e000] [id=29731]
  0x00007f9fa2b34800 GCTaskThread "GC Thread#2" [stack: 0x000000030f721000,0x000000030f821000] [id=30723]
  0x00007f9fa2296000 GCTaskThread "GC Thread#3" [stack: 0x000000030f824000,0x000000030f924000] [id=29959]
  0x00007f9fa3366000 GCTaskThread "GC Thread#4" [stack: 0x000000030f927000,0x000000030fa27000] [id=33539]
  0x00007f9fa1356800 GCTaskThread "GC Thread#5" [stack: 0x000000030fa2a000,0x000000030fb2a000] [id=33283]
  0x00007f9fa2342000 GCTaskThread "GC Thread#6" [stack: 0x000000030ff39000,0x0000000310039000] [id=85375]
  0x00007f9fa2344000 GCTaskThread "GC Thread#7" [stack: 0x000000031003c000,0x000000031013c000] [id=45571]
  0x00007f9fa3052000 ConcurrentGCThread "G1 Main Marker" [stack: 0x000000030e1d4000,0x000000030e2d4000] [id=18947]
  0x00007f9fa200d000 ConcurrentGCThread "G1 Conc#0" [stack: 0x000000030e2d7000,0x000000030e3d7000] [id=18179]
  0x00007f9fa33f0800 ConcurrentGCThread "G1 Conc#1" [stack: 0x000000031013f000,0x000000031023f000] [id=46851]
  0x00007f9fa2897800 ConcurrentGCThread "G1 Refine#0" [stack: 0x000000030e3da000,0x000000030e4da000] [id=13571]
  0x00007f9fa22e9000 ConcurrentGCThread "G1 Refine#1" [stack: 0x000000030fb2d000,0x000000030fc2d000] [id=32407]
  0x00007f9fa2898800 ConcurrentGCThread "G1 Young RemSet Sampling" [stack: 0x000000030e4dd000,0x000000030e5dd000] [id=17923]

Threads with active compile tasks:

VM state:not at safepoint (normal execution)

VM Mutex/Monitor currently owned by a thread: None

Heap address: 0x0000000700000000, size: 4096 MB, Compressed Oops mode: Zero based, Oop shift amount: 3
Narrow klass base: 0x0000000800000000, Narrow klass shift: 0
Compressed class space size: 1073741824 Address: 0x0000000800000000

Heap:
 garbage-first heap   total 262144K, used 28185K [0x0000000700000000, 0x0000000800000000)
  region size 1024K, 21 young (21504K), 2 survivors (2048K)
 Metaspace       used 22194K, capacity 22889K, committed 23088K, reserved 1069056K
  class space    used 2611K, capacity 2885K, committed 2944K, reserved 1048576K
Heap Regions: E=young(eden), S=young(survivor), O=old, HS=humongous(starts), HC=humongous(continues), CS=collection set, F=free, A=archive, TAMS=top-at-mark-start (previous, next)
|   0|0x0000000700000000, 0x0000000700100000, 0x0000000700100000|100%|HS|  |TAMS 0x0000000700100000, 0x0000000700000000| Complete 
|   1|0x0000000700100000, 0x0000000700200000, 0x0000000700200000|100%| O|  |TAMS 0x0000000700200000, 0x0000000700100000| Untracked 
|   2|0x0000000700200000, 0x0000000700300000, 0x0000000700300000|100%| O|  |TAMS 0x0000000700300000, 0x0000000700200000| Untracked 
|   3|0x0000000700300000, 0x0000000700400000, 0x0000000700400000|100%| O|  |TAMS 0x0000000700400000, 0x0000000700300000| Untracked 
|   4|0x0000000700400000, 0x0000000700500000, 0x0000000700500000|100%| O|  |TAMS 0x0000000700500000, 0x0000000700400000| Untracked 
|   5|0x0000000700500000, 0x0000000700600000, 0x0000000700600000|100%| O|  |TAMS 0x0000000700600000, 0x0000000700500000| Untracked 
|   6|0x0000000700600000, 0x0000000700700000, 0x0000000700700000|100%| O|  |TAMS 0x0000000700700000, 0x0000000700600000| Untracked 
|   7|0x0000000700700000, 0x00000007007e3e00, 0x0000000700800000| 89%| O|  |TAMS 0x00000007007e3e00, 0x0000000700700000| Untracked 
|   8|0x0000000700800000, 0x0000000700800000, 0x0000000700900000|  0%| F|  |TAMS 0x0000000700800000, 0x0000000700800000| Untracked 
|   9|0x0000000700900000, 0x0000000700900000, 0x0000000700a00000|  0%| F|  |TAMS 0x0000000700900000, 0x0000000700900000| Untracked 
|  10|0x0000000700a00000, 0x0000000700a00000, 0x0000000700b00000|  0%| F|  |TAMS 0x0000000700a00000, 0x0000000700a00000| Untracked 
|  11|0x0000000700b00000, 0x0000000700b00000, 0x0000000700c00000|  0%| F|  |TAMS 0x0000000700b00000, 0x0000000700b00000| Untracked 
|  12|0x0000000700c00000, 0x0000000700c00000, 0x0000000700d00000|  0%| F|  |TAMS 0x0000000700c00000, 0x0000000700c00000| Untracked 
|  13|0x0000000700d00000, 0x0000000700d00000, 0x0000000700e00000|  0%| F|  |TAMS 0x0000000700d00000, 0x0000000700d00000| Untracked 
|  14|0x0000000700e00000, 0x0000000700e00000, 0x0000000700f00000|  0%| F|  |TAMS 0x0000000700e00000, 0x0000000700e00000| Untracked 
|  15|0x0000000700f00000, 0x0000000700f00000, 0x0000000701000000|  0%| F|  |TAMS 0x0000000700f00000, 0x0000000700f00000| Untracked 
|  16|0x0000000701000000, 0x0000000701000000, 0x0000000701100000|  0%| F|  |TAMS 0x0000000701000000, 0x0000000701000000| Untracked 
|  17|0x0000000701100000, 0x0000000701100000, 0x0000000701200000|  0%| F|  |TAMS 0x0000000701100000, 0x0000000701100000| Untracked 
|  18|0x0000000701200000, 0x0000000701200000, 0x0000000701300000|  0%| F|  |TAMS 0x0000000701200000, 0x0000000701200000| Untracked 
|  19|0x0000000701300000, 0x0000000701300000, 0x0000000701400000|  0%| F|  |TAMS 0x0000000701300000, 0x0000000701300000| Untracked 
|  20|0x0000000701400000, 0x0000000701400000, 0x0000000701500000|  0%| F|  |TAMS 0x0000000701400000, 0x0000000701400000| Untracked 
|  21|0x0000000701500000, 0x0000000701500000, 0x0000000701600000|  0%| F|  |TAMS 0x0000000701500000, 0x0000000701500000| Untracked 
|  22|0x0000000701600000, 0x0000000701600000, 0x0000000701700000|  0%| F|  |TAMS 0x0000000701600000, 0x0000000701600000| Untracked 
|  23|0x0000000701700000, 0x0000000701700000, 0x0000000701800000|  0%| F|  |TAMS 0x0000000701700000, 0x0000000701700000| Untracked 
|  24|0x0000000701800000, 0x0000000701800000, 0x0000000701900000|  0%| F|  |TAMS 0x0000000701800000, 0x0000000701800000| Untracked 
|  25|0x0000000701900000, 0x0000000701900000, 0x0000000701a00000|  0%| F|  |TAMS 0x0000000701900000, 0x0000000701900000| Untracked 
|  26|0x0000000701a00000, 0x0000000701a00000, 0x0000000701b00000|  0%| F|  |TAMS 0x0000000701a00000, 0x0000000701a00000| Untracked 
|  27|0x0000000701b00000, 0x0000000701b00000, 0x0000000701c00000|  0%| F|  |TAMS 0x0000000701b00000, 0x0000000701b00000| Untracked 
|  28|0x0000000701c00000, 0x0000000701c00000, 0x0000000701d00000|  0%| F|  |TAMS 0x0000000701c00000, 0x0000000701c00000| Untracked 
|  29|0x0000000701d00000, 0x0000000701d00000, 0x0000000701e00000|  0%| F|  |TAMS 0x0000000701d00000, 0x0000000701d00000| Untracked 
|  30|0x0000000701e00000, 0x0000000701e00000, 0x0000000701f00000|  0%| F|  |TAMS 0x0000000701e00000, 0x0000000701e00000| Untracked 
|  31|0x0000000701f00000, 0x0000000701f00000, 0x0000000702000000|  0%| F|  |TAMS 0x0000000701f00000, 0x0000000701f00000| Untracked 
|  32|0x0000000702000000, 0x0000000702000000, 0x0000000702100000|  0%| F|  |TAMS 0x0000000702000000, 0x0000000702000000| Untracked 
|  33|0x0000000702100000, 0x0000000702100000, 0x0000000702200000|  0%| F|  |TAMS 0x0000000702100000, 0x0000000702100000| Untracked 
|  34|0x0000000702200000, 0x0000000702200000, 0x0000000702300000|  0%| F|  |TAMS 0x0000000702200000, 0x0000000702200000| Untracked 
|  35|0x0000000702300000, 0x0000000702300000, 0x0000000702400000|  0%| F|  |TAMS 0x0000000702300000, 0x0000000702300000| Untracked 
|  36|0x0000000702400000, 0x0000000702400000, 0x0000000702500000|  0%| F|  |TAMS 0x0000000702400000, 0x0000000702400000| Untracked 
|  37|0x0000000702500000, 0x0000000702500000, 0x0000000702600000|  0%| F|  |TAMS 0x0000000702500000, 0x0000000702500000| Untracked 
|  38|0x0000000702600000, 0x0000000702600000, 0x0000000702700000|  0%| F|  |TAMS 0x0000000702600000, 0x0000000702600000| Untracked 
|  39|0x0000000702700000, 0x0000000702700000, 0x0000000702800000|  0%| F|  |TAMS 0x0000000702700000, 0x0000000702700000| Untracked 
|  40|0x0000000702800000, 0x0000000702800000, 0x0000000702900000|  0%| F|  |TAMS 0x0000000702800000, 0x0000000702800000| Untracked 
|  41|0x0000000702900000, 0x0000000702900000, 0x0000000702a00000|  0%| F|  |TAMS 0x0000000702900000, 0x0000000702900000| Untracked 
|  42|0x0000000702a00000, 0x0000000702a00000, 0x0000000702b00000|  0%| F|  |TAMS 0x0000000702a00000, 0x0000000702a00000| Untracked 
|  43|0x0000000702b00000, 0x0000000702b00000, 0x0000000702c00000|  0%| F|  |TAMS 0x0000000702b00000, 0x0000000702b00000| Untracked 
|  44|0x0000000702c00000, 0x0000000702c00000, 0x0000000702d00000|  0%| F|  |TAMS 0x0000000702c00000, 0x0000000702c00000| Untracked 
|  45|0x0000000702d00000, 0x0000000702d00000, 0x0000000702e00000|  0%| F|  |TAMS 0x0000000702d00000, 0x0000000702d00000| Untracked 
|  46|0x0000000702e00000, 0x0000000702e00000, 0x0000000702f00000|  0%| F|  |TAMS 0x0000000702e00000, 0x0000000702e00000| Untracked 
|  47|0x0000000702f00000, 0x0000000702f00000, 0x0000000703000000|  0%| F|  |TAMS 0x0000000702f00000, 0x0000000702f00000| Untracked 
|  48|0x0000000703000000, 0x0000000703000000, 0x0000000703100000|  0%| F|  |TAMS 0x0000000703000000, 0x0000000703000000| Untracked 
|  49|0x0000000703100000, 0x0000000703100000, 0x0000000703200000|  0%| F|  |TAMS 0x0000000703100000, 0x0000000703100000| Untracked 
|  50|0x0000000703200000, 0x0000000703200000, 0x0000000703300000|  0%| F|  |TAMS 0x0000000703200000, 0x0000000703200000| Untracked 
|  51|0x0000000703300000, 0x0000000703300000, 0x0000000703400000|  0%| F|  |TAMS 0x0000000703300000, 0x0000000703300000| Untracked 
|  52|0x0000000703400000, 0x0000000703400000, 0x0000000703500000|  0%| F|  |TAMS 0x0000000703400000, 0x0000000703400000| Untracked 
|  53|0x0000000703500000, 0x0000000703500000, 0x0000000703600000|  0%| F|  |TAMS 0x0000000703500000, 0x0000000703500000| Untracked 
|  54|0x0000000703600000, 0x0000000703600000, 0x0000000703700000|  0%| F|  |TAMS 0x0000000703600000, 0x0000000703600000| Untracked 
|  55|0x0000000703700000, 0x0000000703700000, 0x0000000703800000|  0%| F|  |TAMS 0x0000000703700000, 0x0000000703700000| Untracked 
|  56|0x0000000703800000, 0x0000000703800000, 0x0000000703900000|  0%| F|  |TAMS 0x0000000703800000, 0x0000000703800000| Untracked 
|  57|0x0000000703900000, 0x0000000703900000, 0x0000000703a00000|  0%| F|  |TAMS 0x0000000703900000, 0x0000000703900000| Untracked 
|  58|0x0000000703a00000, 0x0000000703a00000, 0x0000000703b00000|  0%| F|  |TAMS 0x0000000703a00000, 0x0000000703a00000| Untracked 
|  59|0x0000000703b00000, 0x0000000703b00000, 0x0000000703c00000|  0%| F|  |TAMS 0x0000000703b00000, 0x0000000703b00000| Untracked 
|  60|0x0000000703c00000, 0x0000000703c00000, 0x0000000703d00000|  0%| F|  |TAMS 0x0000000703c00000, 0x0000000703c00000| Untracked 
|  61|0x0000000703d00000, 0x0000000703d00000, 0x0000000703e00000|  0%| F|  |TAMS 0x0000000703d00000, 0x0000000703d00000| Untracked 
|  62|0x0000000703e00000, 0x0000000703e00000, 0x0000000703f00000|  0%| F|  |TAMS 0x0000000703e00000, 0x0000000703e00000| Untracked 
|  63|0x0000000703f00000, 0x0000000703f00000, 0x0000000704000000|  0%| F|  |TAMS 0x0000000703f00000, 0x0000000703f00000| Untracked 
|  64|0x0000000704000000, 0x0000000704000000, 0x0000000704100000|  0%| F|  |TAMS 0x0000000704000000, 0x0000000704000000| Untracked 
|  65|0x0000000704100000, 0x0000000704100000, 0x0000000704200000|  0%| F|  |TAMS 0x0000000704100000, 0x0000000704100000| Untracked 
|  66|0x0000000704200000, 0x0000000704200000, 0x0000000704300000|  0%| F|  |TAMS 0x0000000704200000, 0x0000000704200000| Untracked 
|  67|0x0000000704300000, 0x0000000704300000, 0x0000000704400000|  0%| F|  |TAMS 0x0000000704300000, 0x0000000704300000| Untracked 
|  68|0x0000000704400000, 0x0000000704400000, 0x0000000704500000|  0%| F|  |TAMS 0x0000000704400000, 0x0000000704400000| Untracked 
|  69|0x0000000704500000, 0x0000000704500000, 0x0000000704600000|  0%| F|  |TAMS 0x0000000704500000, 0x0000000704500000| Untracked 
|  70|0x0000000704600000, 0x0000000704600000, 0x0000000704700000|  0%| F|  |TAMS 0x0000000704600000, 0x0000000704600000| Untracked 
|  71|0x0000000704700000, 0x0000000704700000, 0x0000000704800000|  0%| F|  |TAMS 0x0000000704700000, 0x0000000704700000| Untracked 
|  72|0x0000000704800000, 0x0000000704800000, 0x0000000704900000|  0%| F|  |TAMS 0x0000000704800000, 0x0000000704800000| Untracked 
|  73|0x0000000704900000, 0x0000000704900000, 0x0000000704a00000|  0%| F|  |TAMS 0x0000000704900000, 0x0000000704900000| Untracked 
|  74|0x0000000704a00000, 0x0000000704a00000, 0x0000000704b00000|  0%| F|  |TAMS 0x0000000704a00000, 0x0000000704a00000| Untracked 
|  75|0x0000000704b00000, 0x0000000704b00000, 0x0000000704c00000|  0%| F|  |TAMS 0x0000000704b00000, 0x0000000704b00000| Untracked 
|  76|0x0000000704c00000, 0x0000000704c00000, 0x0000000704d00000|  0%| F|  |TAMS 0x0000000704c00000, 0x0000000704c00000| Untracked 
|  77|0x0000000704d00000, 0x0000000704d00000, 0x0000000704e00000|  0%| F|  |TAMS 0x0000000704d00000, 0x0000000704d00000| Untracked 
|  78|0x0000000704e00000, 0x0000000704e00000, 0x0000000704f00000|  0%| F|  |TAMS 0x0000000704e00000, 0x0000000704e00000| Untracked 
|  79|0x0000000704f00000, 0x0000000704f00000, 0x0000000705000000|  0%| F|  |TAMS 0x0000000704f00000, 0x0000000704f00000| Untracked 
|  80|0x0000000705000000, 0x0000000705000000, 0x0000000705100000|  0%| F|  |TAMS 0x0000000705000000, 0x0000000705000000| Untracked 
|  81|0x0000000705100000, 0x0000000705100000, 0x0000000705200000|  0%| F|  |TAMS 0x0000000705100000, 0x0000000705100000| Untracked 
|  82|0x0000000705200000, 0x0000000705200000, 0x0000000705300000|  0%| F|  |TAMS 0x0000000705200000, 0x0000000705200000| Untracked 
|  83|0x0000000705300000, 0x0000000705300000, 0x0000000705400000|  0%| F|  |TAMS 0x0000000705300000, 0x0000000705300000| Untracked 
|  84|0x0000000705400000, 0x0000000705400000, 0x0000000705500000|  0%| F|  |TAMS 0x0000000705400000, 0x0000000705400000| Untracked 
|  85|0x0000000705500000, 0x0000000705500000, 0x0000000705600000|  0%| F|  |TAMS 0x0000000705500000, 0x0000000705500000| Untracked 
|  86|0x0000000705600000, 0x0000000705600000, 0x0000000705700000|  0%| F|  |TAMS 0x0000000705600000, 0x0000000705600000| Untracked 
|  87|0x0000000705700000, 0x0000000705700000, 0x0000000705800000|  0%| F|  |TAMS 0x0000000705700000, 0x0000000705700000| Untracked 
|  88|0x0000000705800000, 0x0000000705800000, 0x0000000705900000|  0%| F|  |TAMS 0x0000000705800000, 0x0000000705800000| Untracked 
|  89|0x0000000705900000, 0x0000000705900000, 0x0000000705a00000|  0%| F|  |TAMS 0x0000000705900000, 0x0000000705900000| Untracked 
|  90|0x0000000705a00000, 0x0000000705a00000, 0x0000000705b00000|  0%| F|  |TAMS 0x0000000705a00000, 0x0000000705a00000| Untracked 
|  91|0x0000000705b00000, 0x0000000705b00000, 0x0000000705c00000|  0%| F|  |TAMS 0x0000000705b00000, 0x0000000705b00000| Untracked 
|  92|0x0000000705c00000, 0x0000000705c00000, 0x0000000705d00000|  0%| F|  |TAMS 0x0000000705c00000, 0x0000000705c00000| Untracked 
|  93|0x0000000705d00000, 0x0000000705d00000, 0x0000000705e00000|  0%| F|  |TAMS 0x0000000705d00000, 0x0000000705d00000| Untracked 
|  94|0x0000000705e00000, 0x0000000705e00000, 0x0000000705f00000|  0%| F|  |TAMS 0x0000000705e00000, 0x0000000705e00000| Untracked 
|  95|0x0000000705f00000, 0x0000000705f00000, 0x0000000706000000|  0%| F|  |TAMS 0x0000000705f00000, 0x0000000705f00000| Untracked 
|  96|0x0000000706000000, 0x0000000706000000, 0x0000000706100000|  0%| F|  |TAMS 0x0000000706000000, 0x0000000706000000| Untracked 
|  97|0x0000000706100000, 0x0000000706100000, 0x0000000706200000|  0%| F|  |TAMS 0x0000000706100000, 0x0000000706100000| Untracked 
|  98|0x0000000706200000, 0x0000000706200000, 0x0000000706300000|  0%| F|  |TAMS 0x0000000706200000, 0x0000000706200000| Untracked 
|  99|0x0000000706300000, 0x0000000706300000, 0x0000000706400000|  0%| F|  |TAMS 0x0000000706300000, 0x0000000706300000| Untracked 
| 100|0x0000000706400000, 0x0000000706400000, 0x0000000706500000|  0%| F|  |TAMS 0x0000000706400000, 0x0000000706400000| Untracked 
| 101|0x0000000706500000, 0x0000000706500000, 0x0000000706600000|  0%| F|  |TAMS 0x0000000706500000, 0x0000000706500000| Untracked 
| 102|0x0000000706600000, 0x0000000706600000, 0x0000000706700000|  0%| F|  |TAMS 0x0000000706600000, 0x0000000706600000| Untracked 
| 103|0x0000000706700000, 0x0000000706700000, 0x0000000706800000|  0%| F|  |TAMS 0x0000000706700000, 0x0000000706700000| Untracked 
| 104|0x0000000706800000, 0x0000000706800000, 0x0000000706900000|  0%| F|  |TAMS 0x0000000706800000, 0x0000000706800000| Untracked 
| 105|0x0000000706900000, 0x0000000706900000, 0x0000000706a00000|  0%| F|  |TAMS 0x0000000706900000, 0x0000000706900000| Untracked 
| 106|0x0000000706a00000, 0x0000000706a00000, 0x0000000706b00000|  0%| F|  |TAMS 0x0000000706a00000, 0x0000000706a00000| Untracked 
| 107|0x0000000706b00000, 0x0000000706b00000, 0x0000000706c00000|  0%| F|  |TAMS 0x0000000706b00000, 0x0000000706b00000| Untracked 
| 108|0x0000000706c00000, 0x0000000706c00000, 0x0000000706d00000|  0%| F|  |TAMS 0x0000000706c00000, 0x0000000706c00000| Untracked 
| 109|0x0000000706d00000, 0x0000000706d00000, 0x0000000706e00000|  0%| F|  |TAMS 0x0000000706d00000, 0x0000000706d00000| Untracked 
| 110|0x0000000706e00000, 0x0000000706e00000, 0x0000000706f00000|  0%| F|  |TAMS 0x0000000706e00000, 0x0000000706e00000| Untracked 
| 111|0x0000000706f00000, 0x0000000706f00000, 0x0000000707000000|  0%| F|  |TAMS 0x0000000706f00000, 0x0000000706f00000| Untracked 
| 112|0x0000000707000000, 0x0000000707000000, 0x0000000707100000|  0%| F|  |TAMS 0x0000000707000000, 0x0000000707000000| Untracked 
| 113|0x0000000707100000, 0x0000000707100000, 0x0000000707200000|  0%| F|  |TAMS 0x0000000707100000, 0x0000000707100000| Untracked 
| 114|0x0000000707200000, 0x0000000707200000, 0x0000000707300000|  0%| F|  |TAMS 0x0000000707200000, 0x0000000707200000| Untracked 
| 115|0x0000000707300000, 0x0000000707300000, 0x0000000707400000|  0%| F|  |TAMS 0x0000000707300000, 0x0000000707300000| Untracked 
| 116|0x0000000707400000, 0x0000000707400000, 0x0000000707500000|  0%| F|  |TAMS 0x0000000707400000, 0x0000000707400000| Untracked 
| 117|0x0000000707500000, 0x0000000707500000, 0x0000000707600000|  0%| F|  |TAMS 0x0000000707500000, 0x0000000707500000| Untracked 
| 118|0x0000000707600000, 0x0000000707600000, 0x0000000707700000|  0%| F|  |TAMS 0x0000000707600000, 0x0000000707600000| Untracked 
| 119|0x0000000707700000, 0x0000000707700000, 0x0000000707800000|  0%| F|  |TAMS 0x0000000707700000, 0x0000000707700000| Untracked 
| 120|0x0000000707800000, 0x0000000707800000, 0x0000000707900000|  0%| F|  |TAMS 0x0000000707800000, 0x0000000707800000| Untracked 
| 121|0x0000000707900000, 0x0000000707900000, 0x0000000707a00000|  0%| F|  |TAMS 0x0000000707900000, 0x0000000707900000| Untracked 
| 122|0x0000000707a00000, 0x0000000707a00000, 0x0000000707b00000|  0%| F|  |TAMS 0x0000000707a00000, 0x0000000707a00000| Untracked 
| 123|0x0000000707b00000, 0x0000000707b00000, 0x0000000707c00000|  0%| F|  |TAMS 0x0000000707b00000, 0x0000000707b00000| Untracked 
| 124|0x0000000707c00000, 0x0000000707c00000, 0x0000000707d00000|  0%| F|  |TAMS 0x0000000707c00000, 0x0000000707c00000| Untracked 
| 125|0x0000000707d00000, 0x0000000707d00000, 0x0000000707e00000|  0%| F|  |TAMS 0x0000000707d00000, 0x0000000707d00000| Untracked 
| 126|0x0000000707e00000, 0x0000000707e00000, 0x0000000707f00000|  0%| F|  |TAMS 0x0000000707e00000, 0x0000000707e00000| Untracked 
| 127|0x0000000707f00000, 0x0000000707f00000, 0x0000000708000000|  0%| F|  |TAMS 0x0000000707f00000, 0x0000000707f00000| Untracked 
| 128|0x0000000708000000, 0x0000000708000000, 0x0000000708100000|  0%| F|  |TAMS 0x0000000708000000, 0x0000000708000000| Untracked 
| 129|0x0000000708100000, 0x0000000708100000, 0x0000000708200000|  0%| F|  |TAMS 0x0000000708100000, 0x0000000708100000| Untracked 
| 130|0x0000000708200000, 0x0000000708200000, 0x0000000708300000|  0%| F|  |TAMS 0x0000000708200000, 0x0000000708200000| Untracked 
| 131|0x0000000708300000, 0x0000000708300000, 0x0000000708400000|  0%| F|  |TAMS 0x0000000708300000, 0x0000000708300000| Untracked 
| 132|0x0000000708400000, 0x0000000708400000, 0x0000000708500000|  0%| F|  |TAMS 0x0000000708400000, 0x0000000708400000| Untracked 
| 133|0x0000000708500000, 0x0000000708500000, 0x0000000708600000|  0%| F|  |TAMS 0x0000000708500000, 0x0000000708500000| Untracked 
| 134|0x0000000708600000, 0x0000000708600000, 0x0000000708700000|  0%| F|  |TAMS 0x0000000708600000, 0x0000000708600000| Untracked 
| 135|0x0000000708700000, 0x0000000708700000, 0x0000000708800000|  0%| F|  |TAMS 0x0000000708700000, 0x0000000708700000| Untracked 
| 136|0x0000000708800000, 0x0000000708800000, 0x0000000708900000|  0%| F|  |TAMS 0x0000000708800000, 0x0000000708800000| Untracked 
| 137|0x0000000708900000, 0x0000000708900000, 0x0000000708a00000|  0%| F|  |TAMS 0x0000000708900000, 0x0000000708900000| Untracked 
| 138|0x0000000708a00000, 0x0000000708a00000, 0x0000000708b00000|  0%| F|  |TAMS 0x0000000708a00000, 0x0000000708a00000| Untracked 
| 139|0x0000000708b00000, 0x0000000708b00000, 0x0000000708c00000|  0%| F|  |TAMS 0x0000000708b00000, 0x0000000708b00000| Untracked 
| 140|0x0000000708c00000, 0x0000000708c00000, 0x0000000708d00000|  0%| F|  |TAMS 0x0000000708c00000, 0x0000000708c00000| Untracked 
| 141|0x0000000708d00000, 0x0000000708d00000, 0x0000000708e00000|  0%| F|  |TAMS 0x0000000708d00000, 0x0000000708d00000| Untracked 
| 142|0x0000000708e00000, 0x0000000708e00000, 0x0000000708f00000|  0%| F|  |TAMS 0x0000000708e00000, 0x0000000708e00000| Untracked 
| 143|0x0000000708f00000, 0x0000000708f00000, 0x0000000709000000|  0%| F|  |TAMS 0x0000000708f00000, 0x0000000708f00000| Untracked 
| 144|0x0000000709000000, 0x0000000709000000, 0x0000000709100000|  0%| F|  |TAMS 0x0000000709000000, 0x0000000709000000| Untracked 
| 145|0x0000000709100000, 0x0000000709100000, 0x0000000709200000|  0%| F|  |TAMS 0x0000000709100000, 0x0000000709100000| Untracked 
| 146|0x0000000709200000, 0x0000000709200000, 0x0000000709300000|  0%| F|  |TAMS 0x0000000709200000, 0x0000000709200000| Untracked 
| 147|0x0000000709300000, 0x0000000709300000, 0x0000000709400000|  0%| F|  |TAMS 0x0000000709300000, 0x0000000709300000| Untracked 
| 148|0x0000000709400000, 0x0000000709400000, 0x0000000709500000|  0%| F|  |TAMS 0x0000000709400000, 0x0000000709400000| Untracked 
| 149|0x0000000709500000, 0x0000000709500000, 0x0000000709600000|  0%| F|  |TAMS 0x0000000709500000, 0x0000000709500000| Untracked 
| 150|0x0000000709600000, 0x0000000709600000, 0x0000000709700000|  0%| F|  |TAMS 0x0000000709600000, 0x0000000709600000| Untracked 
| 151|0x0000000709700000, 0x0000000709700000, 0x0000000709800000|  0%| F|  |TAMS 0x0000000709700000, 0x0000000709700000| Untracked 
| 152|0x0000000709800000, 0x0000000709800000, 0x0000000709900000|  0%| F|  |TAMS 0x0000000709800000, 0x0000000709800000| Untracked 
| 153|0x0000000709900000, 0x0000000709900000, 0x0000000709a00000|  0%| F|  |TAMS 0x0000000709900000, 0x0000000709900000| Untracked 
| 154|0x0000000709a00000, 0x0000000709a00000, 0x0000000709b00000|  0%| F|  |TAMS 0x0000000709a00000, 0x0000000709a00000| Untracked 
| 155|0x0000000709b00000, 0x0000000709b00000, 0x0000000709c00000|  0%| F|  |TAMS 0x0000000709b00000, 0x0000000709b00000| Untracked 
| 156|0x0000000709c00000, 0x0000000709c00000, 0x0000000709d00000|  0%| F|  |TAMS 0x0000000709c00000, 0x0000000709c00000| Untracked 
| 157|0x0000000709d00000, 0x0000000709d00000, 0x0000000709e00000|  0%| F|  |TAMS 0x0000000709d00000, 0x0000000709d00000| Untracked 
| 158|0x0000000709e00000, 0x0000000709e00000, 0x0000000709f00000|  0%| F|  |TAMS 0x0000000709e00000, 0x0000000709e00000| Untracked 
| 159|0x0000000709f00000, 0x0000000709f00000, 0x000000070a000000|  0%| F|  |TAMS 0x0000000709f00000, 0x0000000709f00000| Untracked 
| 160|0x000000070a000000, 0x000000070a000000, 0x000000070a100000|  0%| F|  |TAMS 0x000000070a000000, 0x000000070a000000| Untracked 
| 161|0x000000070a100000, 0x000000070a100000, 0x000000070a200000|  0%| F|  |TAMS 0x000000070a100000, 0x000000070a100000| Untracked 
| 162|0x000000070a200000, 0x000000070a200000, 0x000000070a300000|  0%| F|  |TAMS 0x000000070a200000, 0x000000070a200000| Untracked 
| 163|0x000000070a300000, 0x000000070a300000, 0x000000070a400000|  0%| F|  |TAMS 0x000000070a300000, 0x000000070a300000| Untracked 
| 164|0x000000070a400000, 0x000000070a400000, 0x000000070a500000|  0%| F|  |TAMS 0x000000070a400000, 0x000000070a400000| Untracked 
| 165|0x000000070a500000, 0x000000070a500000, 0x000000070a600000|  0%| F|  |TAMS 0x000000070a500000, 0x000000070a500000| Untracked 
| 166|0x000000070a600000, 0x000000070a600000, 0x000000070a700000|  0%| F|  |TAMS 0x000000070a600000, 0x000000070a600000| Untracked 
| 167|0x000000070a700000, 0x000000070a700000, 0x000000070a800000|  0%| F|  |TAMS 0x000000070a700000, 0x000000070a700000| Untracked 
| 168|0x000000070a800000, 0x000000070a800000, 0x000000070a900000|  0%| F|  |TAMS 0x000000070a800000, 0x000000070a800000| Untracked 
| 169|0x000000070a900000, 0x000000070a900000, 0x000000070aa00000|  0%| F|  |TAMS 0x000000070a900000, 0x000000070a900000| Untracked 
| 170|0x000000070aa00000, 0x000000070aa00000, 0x000000070ab00000|  0%| F|  |TAMS 0x000000070aa00000, 0x000000070aa00000| Untracked 
| 171|0x000000070ab00000, 0x000000070ab00000, 0x000000070ac00000|  0%| F|  |TAMS 0x000000070ab00000, 0x000000070ab00000| Untracked 
| 172|0x000000070ac00000, 0x000000070ac00000, 0x000000070ad00000|  0%| F|  |TAMS 0x000000070ac00000, 0x000000070ac00000| Untracked 
| 173|0x000000070ad00000, 0x000000070ad00000, 0x000000070ae00000|  0%| F|  |TAMS 0x000000070ad00000, 0x000000070ad00000| Untracked 
| 174|0x000000070ae00000, 0x000000070ae00000, 0x000000070af00000|  0%| F|  |TAMS 0x000000070ae00000, 0x000000070ae00000| Untracked 
| 175|0x000000070af00000, 0x000000070af00000, 0x000000070b000000|  0%| F|  |TAMS 0x000000070af00000, 0x000000070af00000| Untracked 
| 176|0x000000070b000000, 0x000000070b000000, 0x000000070b100000|  0%| F|  |TAMS 0x000000070b000000, 0x000000070b000000| Untracked 
| 177|0x000000070b100000, 0x000000070b100000, 0x000000070b200000|  0%| F|  |TAMS 0x000000070b100000, 0x000000070b100000| Untracked 
| 178|0x000000070b200000, 0x000000070b200000, 0x000000070b300000|  0%| F|  |TAMS 0x000000070b200000, 0x000000070b200000| Untracked 
| 179|0x000000070b300000, 0x000000070b300000, 0x000000070b400000|  0%| F|  |TAMS 0x000000070b300000, 0x000000070b300000| Untracked 
| 180|0x000000070b400000, 0x000000070b400000, 0x000000070b500000|  0%| F|  |TAMS 0x000000070b400000, 0x000000070b400000| Untracked 
| 181|0x000000070b500000, 0x000000070b500000, 0x000000070b600000|  0%| F|  |TAMS 0x000000070b500000, 0x000000070b500000| Untracked 
| 182|0x000000070b600000, 0x000000070b600000, 0x000000070b700000|  0%| F|  |TAMS 0x000000070b600000, 0x000000070b600000| Untracked 
| 183|0x000000070b700000, 0x000000070b700000, 0x000000070b800000|  0%| F|  |TAMS 0x000000070b700000, 0x000000070b700000| Untracked 
| 184|0x000000070b800000, 0x000000070b800000, 0x000000070b900000|  0%| F|  |TAMS 0x000000070b800000, 0x000000070b800000| Untracked 
| 185|0x000000070b900000, 0x000000070b900000, 0x000000070ba00000|  0%| F|  |TAMS 0x000000070b900000, 0x000000070b900000| Untracked 
| 186|0x000000070ba00000, 0x000000070ba00000, 0x000000070bb00000|  0%| F|  |TAMS 0x000000070ba00000, 0x000000070ba00000| Untracked 
| 187|0x000000070bb00000, 0x000000070bb00000, 0x000000070bc00000|  0%| F|  |TAMS 0x000000070bb00000, 0x000000070bb00000| Untracked 
| 188|0x000000070bc00000, 0x000000070bc00000, 0x000000070bd00000|  0%| F|  |TAMS 0x000000070bc00000, 0x000000070bc00000| Untracked 
| 189|0x000000070bd00000, 0x000000070bd00000, 0x000000070be00000|  0%| F|  |TAMS 0x000000070bd00000, 0x000000070bd00000| Untracked 
| 190|0x000000070be00000, 0x000000070be00000, 0x000000070bf00000|  0%| F|  |TAMS 0x000000070be00000, 0x000000070be00000| Untracked 
| 191|0x000000070bf00000, 0x000000070bf00000, 0x000000070c000000|  0%| F|  |TAMS 0x000000070bf00000, 0x000000070bf00000| Untracked 
| 192|0x000000070c000000, 0x000000070c000000, 0x000000070c100000|  0%| F|  |TAMS 0x000000070c000000, 0x000000070c000000| Untracked 
| 193|0x000000070c100000, 0x000000070c100000, 0x000000070c200000|  0%| F|  |TAMS 0x000000070c100000, 0x000000070c100000| Untracked 
| 194|0x000000070c200000, 0x000000070c200000, 0x000000070c300000|  0%| F|  |TAMS 0x000000070c200000, 0x000000070c200000| Untracked 
| 195|0x000000070c300000, 0x000000070c300000, 0x000000070c400000|  0%| F|  |TAMS 0x000000070c300000, 0x000000070c300000| Untracked 
| 196|0x000000070c400000, 0x000000070c400000, 0x000000070c500000|  0%| F|  |TAMS 0x000000070c400000, 0x000000070c400000| Untracked 
| 197|0x000000070c500000, 0x000000070c500000, 0x000000070c600000|  0%| F|  |TAMS 0x000000070c500000, 0x000000070c500000| Untracked 
| 198|0x000000070c600000, 0x000000070c600000, 0x000000070c700000|  0%| F|  |TAMS 0x000000070c600000, 0x000000070c600000| Untracked 
| 199|0x000000070c700000, 0x000000070c700000, 0x000000070c800000|  0%| F|  |TAMS 0x000000070c700000, 0x000000070c700000| Untracked 
| 200|0x000000070c800000, 0x000000070c800000, 0x000000070c900000|  0%| F|  |TAMS 0x000000070c800000, 0x000000070c800000| Untracked 
| 201|0x000000070c900000, 0x000000070c900000, 0x000000070ca00000|  0%| F|  |TAMS 0x000000070c900000, 0x000000070c900000| Untracked 
| 202|0x000000070ca00000, 0x000000070ca00000, 0x000000070cb00000|  0%| F|  |TAMS 0x000000070ca00000, 0x000000070ca00000| Untracked 
| 203|0x000000070cb00000, 0x000000070cb00000, 0x000000070cc00000|  0%| F|  |TAMS 0x000000070cb00000, 0x000000070cb00000| Untracked 
| 204|0x000000070cc00000, 0x000000070cc00000, 0x000000070cd00000|  0%| F|  |TAMS 0x000000070cc00000, 0x000000070cc00000| Untracked 
| 205|0x000000070cd00000, 0x000000070cd00000, 0x000000070ce00000|  0%| F|  |TAMS 0x000000070cd00000, 0x000000070cd00000| Untracked 
| 206|0x000000070ce00000, 0x000000070ce00000, 0x000000070cf00000|  0%| F|  |TAMS 0x000000070ce00000, 0x000000070ce00000| Untracked 
| 207|0x000000070cf00000, 0x000000070cf00000, 0x000000070d000000|  0%| F|  |TAMS 0x000000070cf00000, 0x000000070cf00000| Untracked 
| 208|0x000000070d000000, 0x000000070d000000, 0x000000070d100000|  0%| F|  |TAMS 0x000000070d000000, 0x000000070d000000| Untracked 
| 209|0x000000070d100000, 0x000000070d100000, 0x000000070d200000|  0%| F|  |TAMS 0x000000070d100000, 0x000000070d100000| Untracked 
| 210|0x000000070d200000, 0x000000070d200000, 0x000000070d300000|  0%| F|  |TAMS 0x000000070d200000, 0x000000070d200000| Untracked 
| 211|0x000000070d300000, 0x000000070d300000, 0x000000070d400000|  0%| F|  |TAMS 0x000000070d300000, 0x000000070d300000| Untracked 
| 212|0x000000070d400000, 0x000000070d400000, 0x000000070d500000|  0%| F|  |TAMS 0x000000070d400000, 0x000000070d400000| Untracked 
| 213|0x000000070d500000, 0x000000070d500000, 0x000000070d600000|  0%| F|  |TAMS 0x000000070d500000, 0x000000070d500000| Untracked 
| 214|0x000000070d600000, 0x000000070d600000, 0x000000070d700000|  0%| F|  |TAMS 0x000000070d600000, 0x000000070d600000| Untracked 
| 215|0x000000070d700000, 0x000000070d700000, 0x000000070d800000|  0%| F|  |TAMS 0x000000070d700000, 0x000000070d700000| Untracked 
| 216|0x000000070d800000, 0x000000070d800000, 0x000000070d900000|  0%| F|  |TAMS 0x000000070d800000, 0x000000070d800000| Untracked 
| 217|0x000000070d900000, 0x000000070d900000, 0x000000070da00000|  0%| F|  |TAMS 0x000000070d900000, 0x000000070d900000| Untracked 
| 218|0x000000070da00000, 0x000000070da00000, 0x000000070db00000|  0%| F|  |TAMS 0x000000070da00000, 0x000000070da00000| Untracked 
| 219|0x000000070db00000, 0x000000070db00000, 0x000000070dc00000|  0%| F|  |TAMS 0x000000070db00000, 0x000000070db00000| Untracked 
| 220|0x000000070dc00000, 0x000000070dc00000, 0x000000070dd00000|  0%| F|  |TAMS 0x000000070dc00000, 0x000000070dc00000| Untracked 
| 221|0x000000070dd00000, 0x000000070dd00000, 0x000000070de00000|  0%| F|  |TAMS 0x000000070dd00000, 0x000000070dd00000| Untracked 
| 222|0x000000070de00000, 0x000000070de00000, 0x000000070df00000|  0%| F|  |TAMS 0x000000070de00000, 0x000000070de00000| Untracked 
| 223|0x000000070df00000, 0x000000070df00000, 0x000000070e000000|  0%| F|  |TAMS 0x000000070df00000, 0x000000070df00000| Untracked 
| 224|0x000000070e000000, 0x000000070e000000, 0x000000070e100000|  0%| F|  |TAMS 0x000000070e000000, 0x000000070e000000| Untracked 
| 225|0x000000070e100000, 0x000000070e100000, 0x000000070e200000|  0%| F|  |TAMS 0x000000070e100000, 0x000000070e100000| Untracked 
| 226|0x000000070e200000, 0x000000070e200000, 0x000000070e300000|  0%| F|  |TAMS 0x000000070e200000, 0x000000070e200000| Untracked 
| 227|0x000000070e300000, 0x000000070e300000, 0x000000070e400000|  0%| F|  |TAMS 0x000000070e300000, 0x000000070e300000| Untracked 
| 228|0x000000070e400000, 0x000000070e400000, 0x000000070e500000|  0%| F|  |TAMS 0x000000070e400000, 0x000000070e400000| Untracked 
| 229|0x000000070e500000, 0x000000070e500000, 0x000000070e600000|  0%| F|  |TAMS 0x000000070e500000, 0x000000070e500000| Untracked 
| 230|0x000000070e600000, 0x000000070e600000, 0x000000070e700000|  0%| F|  |TAMS 0x000000070e600000, 0x000000070e600000| Untracked 
| 231|0x000000070e700000, 0x000000070e700000, 0x000000070e800000|  0%| F|  |TAMS 0x000000070e700000, 0x000000070e700000| Untracked 
| 232|0x000000070e800000, 0x000000070e800000, 0x000000070e900000|  0%| F|  |TAMS 0x000000070e800000, 0x000000070e800000| Untracked 
| 233|0x000000070e900000, 0x000000070e900000, 0x000000070ea00000|  0%| F|  |TAMS 0x000000070e900000, 0x000000070e900000| Untracked 
| 234|0x000000070ea00000, 0x000000070ea00000, 0x000000070eb00000|  0%| F|  |TAMS 0x000000070ea00000, 0x000000070ea00000| Untracked 
| 235|0x000000070eb00000, 0x000000070ebea218, 0x000000070ec00000| 91%| E|  |TAMS 0x000000070eb00000, 0x000000070eb00000| Complete 
| 236|0x000000070ec00000, 0x000000070eca26c0, 0x000000070ed00000| 63%| S|CS|TAMS 0x000000070ec00000, 0x000000070ec00000| Complete 
| 237|0x000000070ed00000, 0x000000070ee00000, 0x000000070ee00000|100%| S|CS|TAMS 0x000000070ed00000, 0x000000070ed00000| Complete 
| 238|0x000000070ee00000, 0x000000070ef00000, 0x000000070ef00000|100%| E|CS|TAMS 0x000000070ee00000, 0x000000070ee00000| Complete 
| 239|0x000000070ef00000, 0x000000070f000000, 0x000000070f000000|100%| E|CS|TAMS 0x000000070ef00000, 0x000000070ef00000| Complete 
| 240|0x000000070f000000, 0x000000070f100000, 0x000000070f100000|100%| E|CS|TAMS 0x000000070f000000, 0x000000070f000000| Complete 
| 241|0x000000070f100000, 0x000000070f200000, 0x000000070f200000|100%| E|CS|TAMS 0x000000070f100000, 0x000000070f100000| Complete 
| 242|0x000000070f200000, 0x000000070f300000, 0x000000070f300000|100%| E|CS|TAMS 0x000000070f200000, 0x000000070f200000| Complete 
| 243|0x000000070f300000, 0x000000070f400000, 0x000000070f400000|100%| E|CS|TAMS 0x000000070f300000, 0x000000070f300000| Complete 
| 244|0x000000070f400000, 0x000000070f500000, 0x000000070f500000|100%| E|CS|TAMS 0x000000070f400000, 0x000000070f400000| Complete 
| 245|0x000000070f500000, 0x000000070f600000, 0x000000070f600000|100%| E|CS|TAMS 0x000000070f500000, 0x000000070f500000| Complete 
| 246|0x000000070f600000, 0x000000070f700000, 0x000000070f700000|100%| E|CS|TAMS 0x000000070f600000, 0x000000070f600000| Complete 
| 247|0x000000070f700000, 0x000000070f800000, 0x000000070f800000|100%| E|CS|TAMS 0x000000070f700000, 0x000000070f700000| Complete 
| 248|0x000000070f800000, 0x000000070f900000, 0x000000070f900000|100%| E|CS|TAMS 0x000000070f800000, 0x000000070f800000| Complete 
| 249|0x000000070f900000, 0x000000070fa00000, 0x000000070fa00000|100%| E|CS|TAMS 0x000000070f900000, 0x000000070f900000| Complete 
| 250|0x000000070fa00000, 0x000000070fb00000, 0x000000070fb00000|100%| E|CS|TAMS 0x000000070fa00000, 0x000000070fa00000| Complete 
| 251|0x000000070fb00000, 0x000000070fc00000, 0x000000070fc00000|100%| E|CS|TAMS 0x000000070fb00000, 0x000000070fb00000| Complete 
| 252|0x000000070fc00000, 0x000000070fd00000, 0x000000070fd00000|100%| E|CS|TAMS 0x000000070fc00000, 0x000000070fc00000| Complete 
| 253|0x000000070fd00000, 0x000000070fe00000, 0x000000070fe00000|100%| E|CS|TAMS 0x000000070fd00000, 0x000000070fd00000| Complete 
| 254|0x000000070fe00000, 0x000000070ff00000, 0x000000070ff00000|100%| E|CS|TAMS 0x000000070fe00000, 0x000000070fe00000| Complete 
| 255|0x000000070ff00000, 0x0000000710000000, 0x0000000710000000|100%| E|CS|TAMS 0x000000070ff00000, 0x000000070ff00000| Complete 

Card table byte_map: [0x0000000128595000,0x0000000128d95000] _byte_map_base: 0x0000000124d95000

Marking Bits (Prev, Next): (CMBitMap*) 0x00007f9fa3041650, (CMBitMap*) 0x00007f9fa3041618
 Prev Bits: [0x000000012d595000, 0x0000000131595000)
 Next Bits: [0x0000000129595000, 0x000000012d595000)

Polling page: 0x0000000104e7f000

Metaspace:

Usage:
  Non-class:     19.54 MB capacity,    19.12 MB ( 98%) used,   342.39 KB (  2%) free+waste,    78.38 KB ( <1%) overhead. 
      Class:      2.82 MB capacity,     2.55 MB ( 91%) used,   234.37 KB (  8%) free+waste,    39.50 KB (  1%) overhead. 
       Both:     22.35 MB capacity,    21.67 MB ( 97%) used,   576.76 KB (  3%) free+waste,   117.88 KB ( <1%) overhead. 

Virtual space:
  Non-class space:       20.00 MB reserved,      19.67 MB ( 98%) committed 
      Class space:        1.00 GB reserved,       2.88 MB ( <1%) committed 
             Both:        1.02 GB reserved,      22.55 MB (  2%) committed 

Chunk freelists:
   Non-Class:  24.00 KB
       Class:  27.00 KB
        Both:  51.00 KB

MaxMetaspaceSize: unlimited
CompressedClassSpaceSize: 1.00 GB
Initial GC threshold: 20.80 MB
Current GC threshold: 35.08 MB
CDS: off

CodeHeap 'non-profiled nmethods': size=238384Kb used=3761Kb max_used=3761Kb free=234622Kb
 bounds [0x00000001192f7000, 0x00000001196a7000, 0x0000000127bc3000]
CodeHeap 'non-nmethods': size=7376Kb used=1182Kb max_used=1182Kb free=6193Kb
 bounds [0x0000000118bc3000, 0x0000000118e33000, 0x00000001192f7000]
 total_blobs=2588 nmethods=2128 adapters=389
 compilation: enabled
              stopped_count=0, restarted_count=0
 full_count=0

Compilation events (20 events):
Event: 3.628 Thread 0x00007f9f81011800 2119       1       org.springframework.core.annotation.AnnotationFilter::matches (11 bytes)
Event: 3.628 Thread 0x00007f9f81011800 nmethod 2119 0x000000011969ff90 code [0x00000001196a0160, 0x00000001196a0270]
Event: 3.630 Thread 0x00007f9f81011800 2120       1       java.util.Formatter$Flags::valueOf (5 bytes)
Event: 3.630 Thread 0x00007f9f81011800 nmethod 2120 0x00000001196a0410 code [0x00000001196a05c0, 0x00000001196a0670]
Event: 3.632 Thread 0x00007f9f81011800 2121       1       java.util.EnumSet::noneOf (63 bytes)
Event: 3.632 Thread 0x00007f9f81011800 nmethod 2121 0x00000001196a0710 code [0x00000001196a0960, 0x00000001196a0fe0]
Event: 3.632 Thread 0x00007f9f81011800 2122       1       java.util.EnumSet::getUniverse (10 bytes)
Event: 3.633 Thread 0x00007f9f81011800 nmethod 2122 0x00000001196a1710 code [0x00000001196a18c0, 0x00000001196a1a00]
Event: 3.633 Thread 0x00007f9f81011800 2123       1       java.util.RegularEnumSet::<init> (12 bytes)
Event: 3.633 Thread 0x00007f9f81011800 nmethod 2123 0x00000001196a1b90 code [0x00000001196a1d40, 0x00000001196a1eb0]
Event: 3.633 Thread 0x00007f9f81011800 2124       1       java.util.EnumSet::<init> (15 bytes)
Event: 3.633 Thread 0x00007f9f81011800 nmethod 2124 0x00000001196a1f90 code [0x00000001196a2140, 0x00000001196a2290]
Event: 3.635 Thread 0x00007f9f81011800 2125       1       ch.qos.logback.classic.selector.DefaultContextSelector::getDefaultLoggerContext (5 bytes)
Event: 3.636 Thread 0x00007f9f81011800 nmethod 2125 0x00000001196a2390 code [0x00000001196a2540, 0x00000001196a25f0]
Event: 3.640 Thread 0x00007f9f81011800 2126  s    1       java.lang.StringBuffer::length (5 bytes)
Event: 3.641 Thread 0x00007f9f81011800 nmethod 2126 0x00000001196a2690 code [0x00000001196a2840, 0x00000001196a2a70]
Event: 3.641 Thread 0x00007f9f81011800 2127       1       java.util.regex.Matcher::reset (128 bytes)
Event: 3.642 Thread 0x00007f9f81011800 nmethod 2127 0x00000001196a2b90 code [0x00000001196a2d60, 0x00000001196a2f50]
Event: 3.643 Thread 0x00007f9f81011800 2128       1       java.util.concurrent.ConcurrentHashMap::isEmpty (15 bytes)
Event: 3.643 Thread 0x00007f9f81011800 nmethod 2128 0x00000001196a3390 code [0x00000001196a3540, 0x00000001196a3620]

GC Heap History (6 events):
Event: 2.649 GC heap before
{Heap before GC invocations=0 (full 0):
 garbage-first heap   total 262144K, used 24576K [0x0000000700000000, 0x0000000800000000)
  region size 1024K, 24 young (24576K), 0 survivors (0K)
 Metaspace       used 14486K, capacity 14920K, committed 15104K, reserved 1062912K
  class space    used 1529K, capacity 1709K, committed 1792K, reserved 1048576K
}
Event: 2.673 GC heap after
{Heap after GC invocations=1 (full 0):
 garbage-first heap   total 262144K, used 7903K [0x0000000700000000, 0x0000000800000000)
  region size 1024K, 3 young (3072K), 3 survivors (3072K)
 Metaspace       used 14486K, capacity 14920K, committed 15104K, reserved 1062912K
  class space    used 1529K, capacity 1709K, committed 1792K, reserved 1048576K
}
Event: 3.154 GC heap before
{Heap before GC invocations=1 (full 0):
 garbage-first heap   total 262144K, used 28383K [0x0000000700000000, 0x0000000800000000)
  region size 1024K, 24 young (24576K), 3 survivors (3072K)
 Metaspace       used 17695K, capacity 18282K, committed 18560K, reserved 1064960K
  class space    used 1946K, capacity 2176K, committed 2176K, reserved 1048576K
}
Event: 3.170 GC heap after
{Heap after GC invocations=2 (full 0):
 garbage-first heap   total 262144K, used 9103K [0x0000000700000000, 0x0000000800000000)
  region size 1024K, 1 young (1024K), 1 survivors (1024K)
 Metaspace       used 17695K, capacity 18282K, committed 18560K, reserved 1064960K
  class space    used 1946K, capacity 2176K, committed 2176K, reserved 1048576K
}
Event: 3.446 GC heap before
{Heap before GC invocations=2 (full 0):
 garbage-first heap   total 262144K, used 25487K [0x0000000700000000, 0x0000000800000000)
  region size 1024K, 19 young (19456K), 1 survivors (1024K)
 Metaspace       used 20425K, capacity 21123K, committed 21552K, reserved 1069056K
  class space    used 2339K, capacity 2619K, committed 2688K, reserved 1048576K
}
Event: 3.452 GC heap after
{Heap after GC invocations=3 (full 0):
 garbage-first heap   total 262144K, used 9753K [0x0000000700000000, 0x0000000800000000)
  region size 1024K, 2 young (2048K), 2 survivors (2048K)
 Metaspace       used 20425K, capacity 21123K, committed 21552K, reserved 1069056K
  class space    used 2339K, capacity 2619K, committed 2688K, reserved 1048576K
}

Deoptimization events (0 events):
No events

Classes redefined (0 events):
No events

Internal exceptions (20 events):
Event: 3.114 Thread 0x00007f9fa2c79800 Exception <a 'java/lang/IncompatibleClassChangeError'{0x000000070ec16038}: Found class java.lang.Object, but interface was expected> (0x000000070ec16038) thrown at [src/hotspot/share/interpreter/linkResolver.cpp, line 839]
Event: 3.143 Thread 0x00007f9fa2c79800 Exception <a 'java/lang/NoSuchMethodError'{0x000000070eb7fc00}: 'int java.lang.invoke.DirectMethodHandle$Holder.invokeSpecial(java.lang.Object, java.lang.Object, java.lang.Object, java.lang.Object)'> (0x000000070eb7fc00) thrown at [src/hotspot/share/interpreter/linkResolver.cpp, line 773]
Event: 3.149 Thread 0x00007f9fa2c79800 Exception <a 'java/lang/NoSuchMethodError'{0x000000070eba2a20}: 'void java.lang.invoke.DirectMethodHandle$Holder.invokeSpecial(java.lang.Object, java.lang.Object, java.lang.Object, java.lang.Object)'> (0x000000070eba2a20) thrown at [src/hotspot/share/interpreter/linkResolver.cpp, line 773]
Event: 3.202 Thread 0x00007f9fa2c79800 Exception <a 'java/lang/NoSuchMethodError'{0x000000070fe85cc8}: 'java.lang.Object java.lang.invoke.Invokers$Holder.linkToTargetMethod(java.lang.Object, java.lang.Object, java.lang.Object, java.lang.Object, java.lang.Object, java.lang.Object)'> (0x000000070fe85cc8) thrown at [src/hotspot/share/interpreter/linkResolver.cpp, line 773]
Event: 3.219 Thread 0x00007f9fa2c79800 Exception <a 'java/lang/NoSuchMethodError'{0x000000070fd57738}: 'java.lang.Object java.lang.invoke.DirectMethodHandle$Holder.invokeSpecial(java.lang.Object, java.lang.Object, java.lang.Object, java.lang.Object, java.lang.Object, java.lang.Object, int)'> (0x000000070fd57738) thrown at [src/hotspot/share/interpreter/linkResolver.cpp, line 773]
Event: 3.220 Thread 0x00007f9fa2c79800 Exception <a 'java/lang/NoSuchMethodError'{0x000000070fd61198}: 'java.lang.Object java.lang.invoke.DirectMethodHandle$Holder.invokeSpecial(java.lang.Object, java.lang.Object, java.lang.Object, java.lang.Object, java.lang.Object, java.lang.Object, java.lang.Object, int)'> (0x000000070fd61198) thrown at [src/hotspot/share/interpreter/linkResolver.cpp, line 773]
Event: 3.220 Thread 0x00007f9fa2c79800 Exception <a 'java/lang/NoSuchMethodError'{0x000000070fd652b0}: 'java.lang.Object java.lang.invoke.Invokers$Holder.linkToTargetMethod(java.lang.Object, java.lang.Object, java.lang.Object, java.lang.Object, java.lang.Object, int, java.lang.Object)'> (0x000000070fd652b0) thrown at [src/hotspot/share/interpreter/linkResolver.cpp, line 773]
Event: 3.261 Thread 0x00007f9fa2c79800 Exception <a 'java/lang/NoSuchMethodError'{0x000000070fb9c798}: 'int java.lang.invoke.DirectMethodHandle$Holder.invokeVirtual(java.lang.Object, java.lang.Object)'> (0x000000070fb9c798) thrown at [src/hotspot/share/interpreter/linkResolver.cpp, line 773]
Event: 3.282 Thread 0x00007f9fa2c79800 Exception <a 'java/lang/NoSuchMethodError'{0x000000070fa743f8}: 'java.lang.Object java.lang.invoke.DirectMethodHandle$Holder.invokeStatic(java.lang.Object, java.lang.Object, java.lang.Object, int, java.lang.Object)'> (0x000000070fa743f8) thrown at [src/hotspot/share/interpreter/linkResolver.cpp, line 773]
Event: 3.282 Thread 0x00007f9fa2c79800 Exception <a 'java/lang/NoSuchMethodError'{0x000000070fa7ae00}: 'java.lang.Object java.lang.invoke.Invokers$Holder.linkToTargetMethod(java.lang.Object, java.lang.Object, int, java.lang.Object, java.lang.Object)'> (0x000000070fa7ae00) thrown at [src/hotspot/share/interpreter/linkResolver.cpp, line 773]
Event: 3.283 Thread 0x00007f9fa2c79800 Exception <a 'java/lang/NoSuchMethodError'{0x000000070fa855f0}: 'int java.lang.invoke.DirectMethodHandle$Holder.invokeStatic(java.lang.Object, int, java.lang.Object, java.lang.Object)'> (0x000000070fa855f0) thrown at [src/hotspot/share/interpreter/linkResolver.cpp, line 773]
Event: 3.285 Thread 0x00007f9fa2c79800 Exception <a 'java/lang/NoSuchMethodError'{0x000000070fa8c558}: 'java.lang.Object java.lang.invoke.DirectMethodHandle$Holder.invokeStatic(java.lang.Object, int, java.lang.Object)'> (0x000000070fa8c558) thrown at [src/hotspot/share/interpreter/linkResolver.cpp, line 773]
Event: 3.285 Thread 0x00007f9fa2c79800 Exception <a 'java/lang/NoSuchMethodError'{0x000000070fa8fcb8}: 'int java.lang.invoke.DirectMethodHandle$Holder.invokeSpecialIFC(java.lang.Object, java.lang.Object, java.lang.Object, java.lang.Object)'> (0x000000070fa8fcb8) thrown at [src/hotspot/share/interpreter/linkResolver.cpp, line 773]
Event: 3.334 Thread 0x00007f9fa2c79800 Exception <a 'java/lang/NoSuchMethodError'{0x000000070f86efd8}: 'java.lang.Object java.lang.invoke.DirectMethodHandle$Holder.invokeVirtual(java.lang.Object, java.lang.Object, java.lang.Object)'> (0x000000070f86efd8) thrown at [src/hotspot/share/interpreter/linkResolver.cpp, line 773]
Event: 3.346 Thread 0x00007f9fa2c79800 Exception <a 'java/lang/NoSuchMethodError'{0x000000070f7cfaa0}: 'void java.lang.invoke.DirectMethodHandle$Holder.invokeStatic(java.lang.Object, java.lang.Object, int)'> (0x000000070f7cfaa0) thrown at [src/hotspot/share/interpreter/linkResolver.cpp, line 773]
Event: 3.347 Thread 0x00007f9fa2c79800 Exception <a 'java/lang/NoSuchMethodError'{0x000000070f7d6ff8}: 'void java.lang.invoke.DirectMethodHandle$Holder.invokeStaticInit(java.lang.Object, java.lang.Object)'> (0x000000070f7d6ff8) thrown at [src/hotspot/share/interpreter/linkResolver.cpp, line 773]
Event: 3.350 Thread 0x00007f9fa2c79800 Exception <a 'java/lang/NoSuchMethodError'{0x000000070f7f6cb0}: 'void java.lang.invoke.DirectMethodHandle$Holder.invokeStaticInit(java.lang.Object, java.lang.Object, java.lang.Object)'> (0x000000070f7f6cb0) thrown at [src/hotspot/share/interpreter/linkResolver.cpp, line 773]
Event: 3.369 Thread 0x00007f9fa2c79800 Exception <a 'java/lang/NoSuchMethodError'{0x000000070f6db548}: 'void java.lang.invoke.DirectMethodHandle$Holder.invokeVirtual(java.lang.Object, java.lang.Object, java.lang.Object, java.lang.Object)'> (0x000000070f6db548) thrown at [src/hotspot/share/interpreter/linkResolver.cpp, line 773]
Event: 3.404 Thread 0x00007f9fa2c79800 Exception <a 'java/lang/NoSuchMethodError'{0x000000070f388180}: 'void java.lang.invoke.DirectMethodHandle$Holder.invokeSpecial(java.lang.Object, java.lang.Object, java.lang.Object, java.lang.Object, java.lang.Object)'> (0x000000070f388180) thrown at [src/hotspot/share/interpreter/linkResolver.cpp, line 773]
Event: 3.545 Thread 0x00007f9fa122d000 Exception <a 'java/lang/reflect/InvocationTargetException'{0x000000070fbb0aa0}> (0x000000070fbb0aa0) thrown at [src/hotspot/share/runtime/reflection.cpp, line 1247]

Events (20 events):
Event: 3.649 loading class org/springframework/beans/PropertyEditorRegistrar
Event: 3.649 loading class org/springframework/beans/PropertyEditorRegistrar done
Event: 3.650 loading class org/springframework/context/support/ApplicationContextAwareProcessor
Event: 3.650 loading class org/springframework/context/support/ApplicationContextAwareProcessor done
Event: 3.651 loading class org/hibernate/validator/internal/util/logging/Log_$logger_en_US
Event: 3.651 loading class org/hibernate/validator/internal/util/logging/Log_$logger_en_US done
Event: 3.651 loading class org/springframework/beans/factory/config/EmbeddedValueResolver
Event: 3.651 loading class org/springframework/beans/factory/config/EmbeddedValueResolver done
Event: 3.651 loading class org/hibernate/validator/internal/util/logging/Log_$logger_en
Event: 3.651 loading class org/hibernate/validator/internal/util/logging/Log_$logger_en done
Event: 3.652 loading class org/springframework/util/StringValueResolver
Event: 3.652 loading class org/springframework/util/StringValueResolver done
Event: 3.652 loading class javax/validation/constraintvalidation/SupportedValidationTarget
Event: 3.652 loading class javax/validation/constraintvalidation/SupportedValidationTarget done
Event: 3.652 loading class javax/validation/constraintvalidation/ValidationTarget
Event: 3.652 loading class javax/validation/constraintvalidation/ValidationTarget done
Event: 3.652 loading class org/springframework/beans/factory/config/BeanExpressionContext
Event: 3.652 loading class org/springframework/beans/factory/config/BeanExpressionContext done
Event: 3.653 loading class javax/validation/constraints/AssertTrue
Event: 3.653 loading class javax/validation/constraints/AssertTrue done


Dynamic libraries:
0x000000010d4b1000 	/Users/erikaosterbur/Library/Java/JavaVirtualMachines/corretto-11.0.14.1/Contents/Home/lib/jli/libjli.dylib
0x00007ff82931c000 	/System/Library/Frameworks/Cocoa.framework/Versions/A/Cocoa
0x00007ff814bbd000 	/System/Library/Frameworks/AppKit.framework/Versions/C/AppKit
0x00007ff81810d000 	/System/Library/Frameworks/CoreData.framework/Versions/A/CoreData
0x00007ff812fd8000 	/System/Library/Frameworks/Foundation.framework/Versions/C/Foundation
0x00007ff81d400000 	/usr/lib/libSystem.B.dylib
0x00007ff815a4a000 	/System/Library/PrivateFrameworks/UIFoundation.framework/Versions/A/UIFoundation
0x00007ff8232f4000 	/System/Library/PrivateFrameworks/RemoteViewServices.framework/Versions/A/RemoteViewServices
0x00007ff81b5f3000 	/System/Library/PrivateFrameworks/XCTTargetBootstrap.framework/Versions/A/XCTTargetBootstrap
0x00007ff81f2cb000 	/System/Library/PrivateFrameworks/InternationalSupport.framework/Versions/A/InternationalSupport
0x00007ff81f355000 	/System/Library/PrivateFrameworks/UserActivity.framework/Versions/A/UserActivity
0x00007ff81e6b2000 	/usr/lib/libspindump.dylib
0x00007ff815cd8000 	/System/Library/Frameworks/UniformTypeIdentifiers.framework/Versions/A/UniformTypeIdentifiers
0x00007ff819d32000 	/usr/lib/libapp_launch_measurement.dylib
0x00007ff818ae7000 	/System/Library/PrivateFrameworks/CoreAnalytics.framework/Versions/A/CoreAnalytics
0x00007ff819d35000 	/System/Library/PrivateFrameworks/CoreAutoLayout.framework/Versions/A/CoreAutoLayout
0x00007ff81af54000 	/System/Library/Frameworks/Metal.framework/Versions/A/Metal
0x00007ff81bc6b000 	/usr/lib/liblangid.dylib
0x00007ff81b5f7000 	/System/Library/PrivateFrameworks/CoreSVG.framework/Versions/A/CoreSVG
0x00007ff81709a000 	/System/Library/PrivateFrameworks/SkyLight.framework/Versions/A/SkyLight
0x00007ff81742b000 	/System/Library/Frameworks/CoreGraphics.framework/Versions/A/CoreGraphics
0x00007ff82395f000 	/System/Library/Frameworks/Accelerate.framework/Versions/A/Accelerate
0x00007ff81e12d000 	/System/Library/PrivateFrameworks/IconServices.framework/Versions/A/IconServices
0x00007ff81af39000 	/System/Library/Frameworks/IOSurface.framework/Versions/A/IOSurface
0x00007ff818b15000 	/usr/lib/libDiagnosticMessagesClient.dylib
0x00007ff81d31a000 	/usr/lib/libz.1.dylib
0x00007ff826fbe000 	/System/Library/Frameworks/ApplicationServices.framework/Versions/A/ApplicationServices
0x00007ff81b5df000 	/System/Library/PrivateFrameworks/DFRFoundation.framework/Versions/A/DFRFoundation
0x00007ff8144ae000 	/usr/lib/libicucore.A.dylib
0x00007ff81ffed000 	/System/Library/Frameworks/AudioToolbox.framework/Versions/A/AudioToolbox
0x00007ff81f2d7000 	/System/Library/PrivateFrameworks/DataDetectorsCore.framework/Versions/A/DataDetectorsCore
0x00007ff91aa6c000 	/System/Library/PrivateFrameworks/TextInput.framework/Versions/A/TextInput
0x00007ff81701d000 	/usr/lib/libMobileGestalt.dylib
0x00007ff81b2e7000 	/System/Library/Frameworks/Carbon.framework/Versions/A/Frameworks/HIToolbox.framework/Versions/A/HIToolbox
0x00007ff819760000 	/System/Library/Frameworks/QuartzCore.framework/Versions/A/QuartzCore
0x00007ff81414f000 	/System/Library/Frameworks/Security.framework/Versions/A/Security
0x00007ff82332c000 	/System/Library/Frameworks/Carbon.framework/Versions/A/Frameworks/SpeechRecognition.framework/Versions/A/SpeechRecognition
0x00007ff819a92000 	/System/Library/PrivateFrameworks/CoreUI.framework/Versions/A/CoreUI
0x00007ff813a29000 	/System/Library/Frameworks/CoreAudio.framework/Versions/A/CoreAudio
0x00007ff818c03000 	/System/Library/Frameworks/DiskArbitration.framework/Versions/A/DiskArbitration
0x00007ff81ea95000 	/System/Library/PrivateFrameworks/MultitouchSupport.framework/Versions/A/MultitouchSupport
0x00007ff81701c000 	/usr/lib/libenergytrace.dylib
0x00007ff814aa9000 	/System/Library/Frameworks/IOKit.framework/Versions/A/IOKit
0x00007ff823716000 	/System/Library/Frameworks/CoreServices.framework/Versions/A/CoreServices
0x00007ff819ccc000 	/System/Library/PrivateFrameworks/PerformanceAnalysis.framework/Versions/A/PerformanceAnalysis
0x00007ffa2a4db000 	/System/Library/Frameworks/OpenGL.framework/Versions/A/OpenGL
0x00007ff81c952000 	/System/Library/PrivateFrameworks/MobileKeyBag.framework/Versions/A/MobileKeyBag
0x00007ff812070000 	/usr/lib/libobjc.A.dylib
0x00007ff817b5a000 	/System/Library/Frameworks/ColorSync.framework/Versions/A/ColorSync
0x00007ff81222c000 	/System/Library/Frameworks/CoreFoundation.framework/Versions/A/CoreFoundation
0x00007ff81b872000 	/System/Library/Frameworks/CoreImage.framework/Versions/A/CoreImage
0x00007ff81383f000 	/System/Library/Frameworks/CoreText.framework/Versions/A/CoreText
0x00007ff81b626000 	/System/Library/Frameworks/ImageIO.framework/Versions/A/ImageIO
0x00007ff81d406000 	/System/Library/PrivateFrameworks/SoftLinking.framework/Versions/A/SoftLinking
0x00007ff819d7d000 	/usr/lib/libxml2.2.dylib
0x00007ff812139000 	/usr/lib/libc++.1.dylib
0x00007ff81d686000 	/usr/lib/libcompression.dylib
0x00007ff81f201000 	/System/Library/PrivateFrameworks/TextureIO.framework/Versions/A/TextureIO
0x00007ff81dda6000 	/usr/lib/libate.dylib
0x00007ff81d3fb000 	/usr/lib/system/libcache.dylib
0x00007ff81d3b7000 	/usr/lib/system/libcommonCrypto.dylib
0x00007ff81d3e0000 	/usr/lib/system/libcompiler_rt.dylib
0x00007ff81d3d6000 	/usr/lib/system/libcopyfile.dylib
0x00007ff811f6a000 	/usr/lib/system/libcorecrypto.dylib
0x00007ff812029000 	/usr/lib/system/libdispatch.dylib
0x00007ff8121eb000 	/usr/lib/system/libdyld.dylib
0x00007ff81d3f2000 	/usr/lib/system/libkeymgr.dylib
0x00007ff81d395000 	/usr/lib/system/libmacho.dylib
0x00007ff81ca26000 	/usr/lib/system/libquarantine.dylib
0x00007ff81d3f0000 	/usr/lib/system/libremovefile.dylib
0x00007ff817069000 	/usr/lib/system/libsystem_asl.dylib
0x00007ff811f18000 	/usr/lib/system/libsystem_blocks.dylib
0x00007ff8120b0000 	/usr/lib/system/libsystem_c.dylib
0x00007ff81d3e8000 	/usr/lib/system/libsystem_collections.dylib
0x00007ff81bc5c000 	/usr/lib/system/libsystem_configuration.dylib
0x00007ff81af1c000 	/usr/lib/system/libsystem_containermanager.dylib
0x00007ff81d0ce000 	/usr/lib/system/libsystem_coreservices.dylib
0x00007ff814737000 	/usr/lib/system/libsystem_darwin.dylib
0x00007ff81d3f3000 	/usr/lib/system/libsystem_dnssd.dylib
0x00007ff8120ad000 	/usr/lib/system/libsystem_featureflags.dylib
0x00007ff812201000 	/usr/lib/system/libsystem_info.dylib
0x00007ff81d32d000 	/usr/lib/system/libsystem_m.dylib
0x00007ff811ffd000 	/usr/lib/system/libsystem_malloc.dylib
0x00007ff817006000 	/usr/lib/system/libsystem_networkextension.dylib
0x00007ff814b5f000 	/usr/lib/system/libsystem_notify.dylib
0x00007ff8235ed000 	/usr/lib/system/libsystem_product_info_filter.dylib
0x00007ff81bc60000 	/usr/lib/system/libsystem_sandbox.dylib
0x00007ff81d3ed000 	/usr/lib/system/libsystem_secinit.dylib
0x00007ff8121a8000 	/usr/lib/system/libsystem_kernel.dylib
0x00007ff8121f7000 	/usr/lib/system/libsystem_platform.dylib
0x00007ff8121df000 	/usr/lib/system/libsystem_pthread.dylib
0x00007ff81892d000 	/usr/lib/system/libsystem_symptoms.dylib
0x00007ff811f51000 	/usr/lib/system/libsystem_trace.dylib
0x00007ff81d3c3000 	/usr/lib/system/libunwind.dylib
0x00007ff811f1a000 	/usr/lib/system/libxpc.dylib
0x00007ff812192000 	/usr/lib/libc++abi.dylib
0x00007ff81d3ce000 	/usr/lib/liboah.dylib
0x00007ff81db5f000 	/usr/lib/liblzma.5.dylib
0x00007ff812ce9000 	/System/Library/Frameworks/SystemConfiguration.framework/Versions/A/SystemConfiguration
0x00007ff81d402000 	/usr/lib/libfakelink.dylib
0x00007ff816b70000 	/System/Library/Frameworks/CFNetwork.framework/Versions/A/CFNetwork
0x00007ff81d541000 	/usr/lib/libarchive.2.dylib
0x00007ff81bc67000 	/System/Library/PrivateFrameworks/AppleSystemInfo.framework/Versions/A/AppleSystemInfo
0x00007ff81ca4c000 	/usr/lib/libbsm.0.dylib
0x00007ff8161a7000 	/usr/lib/libnetwork.dylib
0x00007ff81d39b000 	/usr/lib/system/libkxld.dylib
0x00007ff81c67b000 	/System/Library/PrivateFrameworks/IOMobileFramebuffer.framework/Versions/A/IOMobileFramebuffer
0x00007ffb27e7d000 	/usr/lib/libCoreEntitlements.dylib
0x00007ff81d0b0000 	/System/Library/PrivateFrameworks/AppleFSCompression.framework/Versions/A/AppleFSCompression
0x00007ff81ca35000 	/usr/lib/libcoretls.dylib
0x00007ff81db79000 	/usr/lib/libcoretls_cfhelpers.dylib
0x00007ff81d681000 	/usr/lib/libpam.2.dylib
0x00007ff818553000 	/usr/lib/libsqlite3.dylib
0x00007ff81dbe8000 	/usr/lib/libxar.1.dylib
0x00007ff81d0c0000 	/usr/lib/libbz2.1.0.dylib
0x00007ff81d407000 	/usr/lib/libpcap.A.dylib
0x00007ff818924000 	/usr/lib/libdns_services.dylib
0x00007ff81d653000 	/usr/lib/libapple_nghttp2.dylib
0x00007ff81d43e000 	/usr/lib/libiconv.2.dylib
0x00007ff81d394000 	/usr/lib/libcharset.1.dylib
0x00007ff819d00000 	/System/Library/Frameworks/CoreServices.framework/Versions/A/Frameworks/FSEvents.framework/Versions/A/FSEvents
0x00007ff814741000 	/System/Library/Frameworks/CoreServices.framework/Versions/A/Frameworks/CarbonCore.framework/Versions/A/CarbonCore
0x00007ff818b68000 	/System/Library/Frameworks/CoreServices.framework/Versions/A/Frameworks/Metadata.framework/Versions/A/Metadata
0x00007ff81d0d3000 	/System/Library/Frameworks/CoreServices.framework/Versions/A/Frameworks/OSServices.framework/Versions/A/OSServices
0x00007ff81d5c7000 	/System/Library/Frameworks/CoreServices.framework/Versions/A/Frameworks/SearchKit.framework/Versions/A/SearchKit
0x00007ff8188b6000 	/System/Library/Frameworks/CoreServices.framework/Versions/A/Frameworks/AE.framework/Versions/A/AE
0x00007ff81272d000 	/System/Library/Frameworks/CoreServices.framework/Versions/A/Frameworks/LaunchServices.framework/Versions/A/LaunchServices
0x00007ff81db10000 	/System/Library/Frameworks/CoreServices.framework/Versions/A/Frameworks/DictionaryServices.framework/Versions/A/DictionaryServices
0x00007ff819d0d000 	/System/Library/Frameworks/CoreServices.framework/Versions/A/Frameworks/SharedFileList.framework/Versions/A/SharedFileList
0x00007ff81ca29000 	/usr/lib/libCheckFix.dylib
0x00007ff817080000 	/System/Library/PrivateFrameworks/TCC.framework/Versions/A/TCC
0x00007ff81bc6d000 	/System/Library/PrivateFrameworks/CoreNLP.framework/Versions/A/CoreNLP
0x00007ff818b18000 	/System/Library/PrivateFrameworks/MetadataUtilities.framework/Versions/A/MetadataUtilities
0x00007ff812d99000 	/usr/lib/libmecabra.dylib
0x00007ff81ca5c000 	/usr/lib/libmecab.dylib
0x00007ff812d64000 	/usr/lib/libCRFSuite.dylib
0x00007ff81cab9000 	/usr/lib/libgermantok.dylib
0x00007ff81d62e000 	/usr/lib/libThaiTokenizer.dylib
0x00007ff818c0a000 	/System/Library/Frameworks/Accelerate.framework/Versions/A/Frameworks/vImage.framework/Versions/A/vImage
0x00007ff8236ed000 	/System/Library/Frameworks/Accelerate.framework/Versions/A/Frameworks/vecLib.framework/Versions/A/vecLib
0x00007ff81dc29000 	/System/Library/Frameworks/Accelerate.framework/Versions/A/Frameworks/vecLib.framework/Versions/A/libvMisc.dylib
0x00007ff81c46f000 	/System/Library/Frameworks/Accelerate.framework/Versions/A/Frameworks/vecLib.framework/Versions/A/libvDSP.dylib
0x00007ff812aa5000 	/System/Library/Frameworks/Accelerate.framework/Versions/A/Frameworks/vecLib.framework/Versions/A/libBLAS.dylib
0x00007ff81d763000 	/System/Library/Frameworks/Accelerate.framework/Versions/A/Frameworks/vecLib.framework/Versions/A/libLAPACK.dylib
0x00007ff81cabc000 	/System/Library/Frameworks/Accelerate.framework/Versions/A/Frameworks/vecLib.framework/Versions/A/libLinearAlgebra.dylib
0x00007ff81d66c000 	/System/Library/Frameworks/Accelerate.framework/Versions/A/Frameworks/vecLib.framework/Versions/A/libSparseBLAS.dylib
0x00007ff81d75d000 	/System/Library/Frameworks/Accelerate.framework/Versions/A/Frameworks/vecLib.framework/Versions/A/libQuadrature.dylib
0x00007ff81bd57000 	/System/Library/Frameworks/Accelerate.framework/Versions/A/Frameworks/vecLib.framework/Versions/A/libBNNS.dylib
0x00007ff812c7a000 	/System/Library/Frameworks/Accelerate.framework/Versions/A/Frameworks/vecLib.framework/Versions/A/libSparse.dylib
0x00007ff81bd50000 	/System/Library/PrivateFrameworks/LinguisticData.framework/Versions/A/LinguisticData
0x00007ff812c2f000 	/System/Library/PrivateFrameworks/Lexicon.framework/Versions/A/Lexicon
0x00007ff81dc22000 	/usr/lib/libChineseTokenizer.dylib
0x00007ff813393000 	/System/Library/PrivateFrameworks/LanguageModeling.framework/Versions/A/LanguageModeling
0x00007ff81d630000 	/System/Library/PrivateFrameworks/AppleSauce.framework/Versions/A/AppleSauce
0x00007ff81c669000 	/System/Library/PrivateFrameworks/CoreEmoji.framework/Versions/A/CoreEmoji
0x00007ff81d530000 	/usr/lib/libcmph.dylib
0x00007ff819ce4000 	/System/Library/Frameworks/OpenDirectory.framework/Versions/A/Frameworks/CFOpenDirectory.framework/Versions/A/CFOpenDirectory
0x00007ff819cd8000 	/System/Library/Frameworks/OpenDirectory.framework/Versions/A/OpenDirectory
0x00007ff81db7b000 	/System/Library/PrivateFrameworks/APFS.framework/Versions/A/APFS
0x00007ff81c98a000 	/System/Library/Frameworks/SecurityFoundation.framework/Versions/A/SecurityFoundation
0x00007ff81dbf6000 	/usr/lib/libutil.dylib
0x00007ff814a6c000 	/System/Library/PrivateFrameworks/CoreServicesStore.framework/Versions/A/CoreServicesStore
0x00007ff81dbfa000 	/usr/lib/libxslt.1.dylib
0x00007ff81ca17000 	/System/Library/PrivateFrameworks/BackgroundTaskManagement.framework/Versions/A/BackgroundTaskManagement
0x00007ff81f123000 	/System/Library/Frameworks/ImageIO.framework/Versions/A/Resources/libRadiance.dylib
0x00007ff81f12c000 	/System/Library/Frameworks/ImageIO.framework/Versions/A/Resources/libJPEG.dylib
0x00007ff81f07d000 	/System/Library/Frameworks/ImageIO.framework/Versions/A/Resources/libPng.dylib
0x00007ff81f09e000 	/System/Library/Frameworks/ImageIO.framework/Versions/A/Resources/libTIFF.dylib
0x00007ff81f18a000 	/System/Library/Frameworks/ImageIO.framework/Versions/A/Resources/libGIF.dylib
0x00007ff81e9b2000 	/System/Library/Frameworks/ImageIO.framework/Versions/A/Resources/libJP2.dylib
0x00007ff81e0f4000 	/usr/lib/libexpat.1.dylib
0x00007ff81e967000 	/System/Library/PrivateFrameworks/AppleJPEG.framework/Versions/A/AppleJPEG
0x00007ff81b1ae000 	/System/Library/PrivateFrameworks/FontServices.framework/libFontParser.dylib
0x00007ff818860000 	/System/Library/PrivateFrameworks/RunningBoardServices.framework/Versions/A/RunningBoardServices
0x00007ff82988d000 	/System/Library/PrivateFrameworks/IOSurfaceAccelerator.framework/Versions/A/IOSurfaceAccelerator
0x00007ff81ea91000 	/System/Library/PrivateFrameworks/WatchdogClient.framework/Versions/A/WatchdogClient
0x00007ff813482000 	/System/Library/Frameworks/CoreDisplay.framework/Versions/A/CoreDisplay
0x00007ff81b0ae000 	/System/Library/Frameworks/CoreMedia.framework/Versions/A/CoreMedia
0x00007ff81af4b000 	/System/Library/PrivateFrameworks/IOAccelerator.framework/Versions/A/IOAccelerator
0x00007ff819e60000 	/System/Library/Frameworks/CoreVideo.framework/Versions/A/CoreVideo
0x00007ff81d67f000 	/System/Library/Frameworks/MetalPerformanceShaders.framework/Versions/A/MetalPerformanceShaders
0x00007ff81eacc000 	/System/Library/Frameworks/VideoToolbox.framework/Versions/A/VideoToolbox
0x00007ff8187a8000 	/System/Library/PrivateFrameworks/BaseBoard.framework/Versions/A/BaseBoard
0x00007ff818539000 	/System/Library/PrivateFrameworks/ProtocolBuffer.framework/Versions/A/ProtocolBuffer
0x00007ff81f11c000 	/System/Library/PrivateFrameworks/GPUWrangler.framework/Versions/A/GPUWrangler
0x00007ff81f0ff000 	/System/Library/PrivateFrameworks/IOPresentment.framework/Versions/A/IOPresentment
0x00007ff81f126000 	/System/Library/PrivateFrameworks/DSExternalDisplay.framework/Versions/A/DSExternalDisplay
0x00007ffa2a4cf000 	/System/Library/Frameworks/OpenGL.framework/Versions/A/Libraries/libCoreFSCache.dylib
0x00007ffb1647c000 	/System/Library/PrivateFrameworks/GPUCompiler.framework/Versions/31001/Libraries/libGPUCompilerUtils.dylib
0x00007ff81f18f000 	/System/Library/PrivateFrameworks/CMCaptureCore.framework/Versions/A/CMCaptureCore
0x00007ff81e6a0000 	/System/Library/PrivateFrameworks/AppServerSupport.framework/Versions/A/AppServerSupport
0x00007ff82086a000 	/System/Library/PrivateFrameworks/perfdata.framework/Versions/A/perfdata
0x00007ff8135ae000 	/System/Library/PrivateFrameworks/AudioToolboxCore.framework/Versions/A/AudioToolboxCore
0x00007ff81b08b000 	/System/Library/PrivateFrameworks/caulk.framework/Versions/A/caulk
0x00007ff820197000 	/usr/lib/libAudioStatistics.dylib
0x00007ff91732b000 	/System/Library/PrivateFrameworks/SystemPolicy.framework/Versions/A/SystemPolicy
0x00007ff8203e3000 	/usr/lib/libSMC.dylib
0x00007ff8291cf000 	/System/Library/Frameworks/CoreMIDI.framework/Versions/A/CoreMIDI
0x00007ff81f04d000 	/usr/lib/libAudioToolboxUtility.dylib
0x00007ff9137b3000 	/System/Library/PrivateFrameworks/OSAServicesClient.framework/Versions/A/OSAServicesClient
0x00007ff820877000 	/usr/lib/libperfcheck.dylib
0x00007ff917db7000 	/usr/lib/libmis.dylib
0x00007ffa2a52b000 	/System/Library/Frameworks/OpenGL.framework/Versions/A/Libraries/libGLU.dylib
0x00007ffa2a4ee000 	/System/Library/Frameworks/OpenGL.framework/Versions/A/Libraries/libGFXShared.dylib
0x00007ffa2a6fc000 	/System/Library/Frameworks/OpenGL.framework/Versions/A/Libraries/libGL.dylib
0x00007ffa2a4f7000 	/System/Library/Frameworks/OpenGL.framework/Versions/A/Libraries/libGLImage.dylib
0x00007ffa2a4eb000 	/System/Library/Frameworks/OpenGL.framework/Versions/A/Libraries/libCVMSPluginSupport.dylib
0x00007ffa2a4d6000 	/System/Library/Frameworks/OpenGL.framework/Versions/A/Libraries/libCoreVMClient.dylib
0x00007ff81bbeb000 	/System/Library/Frameworks/MetalPerformanceShaders.framework/Versions/A/Frameworks/MPSCore.framework/Versions/A/MPSCore
0x00007ff81d01b000 	/System/Library/Frameworks/MetalPerformanceShaders.framework/Versions/A/Frameworks/MPSImage.framework/Versions/A/MPSImage
0x00007ff81cad2000 	/System/Library/Frameworks/MetalPerformanceShaders.framework/Versions/A/Frameworks/MPSNeuralNetwork.framework/Versions/A/MPSNeuralNetwork
0x00007ff81cf47000 	/System/Library/Frameworks/MetalPerformanceShaders.framework/Versions/A/Frameworks/MPSMatrix.framework/Versions/A/MPSMatrix
0x00007ff81cd03000 	/System/Library/Frameworks/MetalPerformanceShaders.framework/Versions/A/Frameworks/MPSRayIntersector.framework/Versions/A/MPSRayIntersector
0x00007ff81cf80000 	/System/Library/Frameworks/MetalPerformanceShaders.framework/Versions/A/Frameworks/MPSNDArray.framework/Versions/A/MPSNDArray
0x00007ffa2f0d4000 	/System/Library/Frameworks/MetalPerformanceShaders.framework/Versions/A/Frameworks/MPSFunctions.framework/Versions/A/MPSFunctions
0x00007ff812988000 	/System/Library/PrivateFrameworks/MetalTools.framework/Versions/A/MetalTools
0x00007ff81bc65000 	/System/Library/PrivateFrameworks/AggregateDictionary.framework/Versions/A/AggregateDictionary
0x00007ff81ded6000 	/usr/lib/libIOReport.dylib
0x00007ffa2bb0b000 	/System/Library/Frameworks/OpenCL.framework/Versions/A/OpenCL
0x00007ff81e23a000 	/System/Library/PrivateFrameworks/FaceCore.framework/Versions/A/FaceCore
0x00007ff81e22b000 	/System/Library/PrivateFrameworks/GraphVisualizer.framework/Versions/A/GraphVisualizer
0x00007ffb16387000 	/System/Library/PrivateFrameworks/FontServices.framework/Versions/A/FontServices
0x00007ff81e657000 	/System/Library/PrivateFrameworks/OTSVG.framework/Versions/A/OTSVG
0x00007ff819a48000 	/System/Library/Frameworks/ApplicationServices.framework/Versions/A/Frameworks/ATS.framework/Versions/A/Resources/libFontRegistry.dylib
0x00007ff81e6a8000 	/System/Library/PrivateFrameworks/FontServices.framework/libhvf.dylib
0x00007ffb16388000 	/System/Library/PrivateFrameworks/FontServices.framework/libXTFontStaticRegistryData.dylib
0x00007ff81e0a4000 	/System/Library/PrivateFrameworks/AppleVA.framework/Versions/A/AppleVA
0x00007ff8201b7000 	/System/Library/Frameworks/ApplicationServices.framework/Versions/A/Frameworks/ATS.framework/Versions/A/ATS
0x00007ff817c56000 	/System/Library/Frameworks/ApplicationServices.framework/Versions/A/Frameworks/HIServices.framework/Versions/A/HIServices
0x00007ff81f199000 	/System/Library/Frameworks/ApplicationServices.framework/Versions/A/Frameworks/PrintCore.framework/Versions/A/PrintCore
0x00007ff820536000 	/System/Library/Frameworks/ApplicationServices.framework/Versions/A/Frameworks/QD.framework/Versions/A/QD
0x00007ff82052e000 	/System/Library/Frameworks/ApplicationServices.framework/Versions/A/Frameworks/ColorSyncLegacy.framework/Versions/A/ColorSyncLegacy
0x00007ff8201a7000 	/System/Library/Frameworks/ApplicationServices.framework/Versions/A/Frameworks/SpeechSynthesis.framework/Versions/A/SpeechSynthesis
0x00007ff81f15a000 	/System/Library/Frameworks/ApplicationServices.framework/Versions/A/Frameworks/ATSUI.framework/Versions/A/ATSUI
0x00007ff8204c3000 	/usr/lib/libcups.2.dylib
0x00007ff820886000 	/System/Library/Frameworks/Kerberos.framework/Versions/A/Kerberos
0x00007ff820895000 	/System/Library/Frameworks/GSS.framework/Versions/A/GSS
0x00007ff820223000 	/usr/lib/libresolv.9.dylib
0x00007ff81e6b7000 	/System/Library/PrivateFrameworks/Heimdal.framework/Versions/A/Heimdal
0x00007ff827339000 	/System/Library/Frameworks/Kerberos.framework/Versions/A/Libraries/libHeimdalProxy.dylib
0x00007ff818935000 	/System/Library/Frameworks/Network.framework/Versions/A/Network
0x00007ff81e10e000 	/usr/lib/libheimdal-asn1.dylib
0x00007ff8208e0000 	/System/Library/PrivateFrameworks/CommonAuth.framework/Versions/A/CommonAuth
0x00007ff820128000 	/System/Library/PrivateFrameworks/AudioSession.framework/Versions/A/AudioSession
0x00007ff81e19e000 	/System/Library/PrivateFrameworks/MediaExperience.framework/Versions/A/MediaExperience
0x00007ff81ffbc000 	/System/Library/PrivateFrameworks/AudioSession.framework/libSessionUtility.dylib
0x00007ff820542000 	/System/Library/PrivateFrameworks/AudioResourceArbitration.framework/Versions/A/AudioResourceArbitration
0x00007ff81e117000 	/System/Library/PrivateFrameworks/IconFoundation.framework/Versions/A/IconFoundation
0x00007ff82331c000 	/System/Library/PrivateFrameworks/SpeechRecognitionCore.framework/Versions/A/SpeechRecognitionCore
0x000000010e2b4000 	/Users/erikaosterbur/Library/Java/JavaVirtualMachines/corretto-11.0.14.1/Contents/Home/lib/server/libjvm.dylib
0x000000010d595000 	/Users/erikaosterbur/Library/Java/JavaVirtualMachines/corretto-11.0.14.1/Contents/Home/lib/libverify.dylib
0x000000010d5bd000 	/Users/erikaosterbur/Library/Java/JavaVirtualMachines/corretto-11.0.14.1/Contents/Home/lib/libjava.dylib
0x000000010d52b000 	/Users/erikaosterbur/Library/Java/JavaVirtualMachines/corretto-11.0.14.1/Contents/Home/lib/libjimage.dylib
0x000000010d63c000 	/Users/erikaosterbur/Library/Java/JavaVirtualMachines/corretto-11.0.14.1/Contents/Home/lib/libinstrument.dylib
0x000000010d6f7000 	/private/var/folders/1q/zjrwwc1d4ksbf69739vfgzw80000gn/T/libasyncProfiler.so
0x000000010d6b7000 	/Users/erikaosterbur/Library/Java/JavaVirtualMachines/corretto-11.0.14.1/Contents/Home/lib/libzip.dylib
0x0000000135b7f000 	/Users/erikaosterbur/Library/Java/JavaVirtualMachines/corretto-11.0.14.1/Contents/Home/lib/libnio.dylib
0x0000000135bcf000 	/Users/erikaosterbur/Library/Java/JavaVirtualMachines/corretto-11.0.14.1/Contents/Home/lib/libnet.dylib
0x0000000135c36000 	/Users/erikaosterbur/Library/Java/JavaVirtualMachines/corretto-11.0.14.1/Contents/Home/lib/libextnet.dylib
0x0000000135dba000 	/Users/erikaosterbur/Library/Java/JavaVirtualMachines/corretto-11.0.14.1/Contents/Home/lib/libmanagement.dylib
0x0000000135de3000 	/Users/erikaosterbur/Library/Java/JavaVirtualMachines/corretto-11.0.14.1/Contents/Home/lib/libmanagement_ext.dylib


VM Arguments:
jvm_args: -XX:TieredStopAtLevel=1 -Xverify:none -Dspring.output.ansi.enabled=always -Dcom.sun.management.jmxremote -Dspring.jmx.enabled=true -Dspring.liveBeansView.mbeanDomain -Dspring.application.admin.enabled=true -javaagent:/Applications/IntelliJ IDEA.app/Contents/lib/idea_rt.jar=60160:/Applications/IntelliJ IDEA.app/Contents/bin -agentpath:/private/var/folders/1q/zjrwwc1d4ksbf69739vfgzw80000gn/T/libasyncProfiler.so=start,jfr,event=cpu,interval=1ms,event=alloc,file=/Users/erikaosterbur/OsterburErikaPetMedCaseStudyApplication_2022_04_12_192221.jfr -Dfile.encoding=UTF-8 
java_command: com.teksystems.Osterbur_Erika_PetMed_CaseStudy.OsterburErikaPetMedCaseStudyApplication
java_class_path (initial): /Users/erikaosterbur/Documents/Osterbur_Erika_PetMed_CaseStudy/target/classes:/Users/erikaosterbur/.m2/repository/jstl/jstl/1.2/jstl-1.2.jar:/Users/erikaosterbur/.m2/repository/org/springframework/boot/spring-boot-starter-tomcat/2.6.6/spring-boot-starter-tomcat-2.6.6.jar:/Users/erikaosterbur/.m2/repository/jakarta/annotation/jakarta.annotation-api/1.3.5/jakarta.annotation-api-1.3.5.jar:/Users/erikaosterbur/.m2/repository/org/apache/tomcat/embed/tomcat-embed-core/9.0.60/tomcat-embed-core-9.0.60.jar:/Users/erikaosterbur/.m2/repository/org/apache/tomcat/embed/tomcat-embed-el/9.0.60/tomcat-embed-el-9.0.60.jar:/Users/erikaosterbur/.m2/repository/org/apache/tomcat/embed/tomcat-embed-websocket/9.0.60/tomcat-embed-websocket-9.0.60.jar:/Users/erikaosterbur/.m2/repository/org/apache/tomcat/embed/tomcat-embed-jasper/9.0.60/tomcat-embed-jasper-9.0.60.jar:/Users/erikaosterbur/.m2/repository/org/eclipse/jdt/ecj/3.18.0/ecj-3.18.0.jar:/Users/erikaosterbur/.m2/repository/org/springframework/boot/spring-boot-starter-data-jpa/2.6.6/spring-boot-starter-data-jpa-2.6.6.jar:/Users/erikaosterbur/.m2/repository/org/springframework/boot/spring-boot-starter-aop/2.6.6/spring-boot-starter-aop-2.6.6.jar:/Users/erikaosterbur/.m2/repository/org/aspectj/aspectjweaver/1.9.7/aspectjweaver-1.9.7.jar:/Users/erikaosterbur/.m2/repository/org/springframework/boot/spring-boot-starter-jdbc/2.6.6/spring-boot-starter-jdbc-2.6.6.jar:/Users/erikaosterbur/.m2/repository/com/zaxxer/HikariCP/4.0.3/HikariCP-4.0.3.jar:/Users/erikaosterbur/.m2/repository/org/springframework/spring-jdbc/5.3.18/spring-jdbc-5.3.18.jar:/Users/erikaosterbur/.m2/repository/jakarta/transaction/jakarta.transaction-api/1.3.3/jakarta.transaction-api-1.3.3.jar:/Users/erikaosterbur/.m2/repository/jakarta/persistence/jakarta.persistence-api/2.2.3/jakarta.persistence-api-2.2.3.jar:/Users/erikaosterbur/.m2/repository/org/hibernate/hibernate-core/5.6.7.Final/hibernate-core-5.6.7.Final.jar:/Users/erikaosterbur/.m2/reposit
Launcher Type: SUN_STANDARD

[Global flags]
     bool BytecodeVerificationLocal                = false                                     {product} {command line}
     bool BytecodeVerificationRemote               = false                                     {product} {command line}
     intx CICompilerCount                          = 4                                         {product} {ergonomic}
     uint ConcGCThreads                            = 2                                         {product} {ergonomic}
     uint G1ConcRefinementThreads                  = 8                                         {product} {ergonomic}
   size_t G1HeapRegionSize                         = 1048576                                   {product} {ergonomic}
    uintx GCDrainStackTargetSize                   = 64                                        {product} {ergonomic}
   size_t InitialHeapSize                          = 268435456                                 {product} {ergonomic}
     bool ManagementServer                         = true                                      {product} {command line}
   size_t MarkStackSize                            = 4194304                                   {product} {ergonomic}
   size_t MaxHeapSize                              = 4294967296                                {product} {ergonomic}
   size_t MaxNewSize                               = 2576351232                                {product} {ergonomic}
   size_t MinHeapDeltaBytes                        = 1048576                                   {product} {ergonomic}
    uintx NonNMethodCodeHeapSize                   = 7549744                                {pd product} {ergonomic}
    uintx NonProfiledCodeHeapSize                  = 244108496                              {pd product} {ergonomic}
    uintx ProfiledCodeHeapSize                     = 0                                      {pd product} {ergonomic}
    uintx ReservedCodeCacheSize                    = 251658240                              {pd product} {ergonomic}
     bool SegmentedCodeCache                       = true                                      {product} {ergonomic}
     intx TieredStopAtLevel                        = 1                                         {product} {command line}
     bool UseCompressedClassPointers               = true                                 {lp64_product} {ergonomic}
     bool UseCompressedOops                        = true                                 {lp64_product} {ergonomic}
     bool UseG1GC                                  = true                                      {product} {ergonomic}

Logging:
Log output configuration:
 #0: stdout all=warning uptime,level,tags
 #1: stderr all=off uptime,level,tags

Environment Variables:
PATH=/opt/homebrew/bin:/opt/homebrew/sbin:/usr/local/bin:/usr/bin:/bin:/usr/sbin:/sbin
SHELL=/bin/bash
LC_CTYPE=en_US.UTF-8

Signal Handlers:
SIGSEGV: [libjvm.dylib+0x7ccc92], sa_mask[0]=11111111111111111111111111111111, sa_flags=SA_ONSTACK|SA_RESTART|SA_SIGINFO
SIGBUS: [libjvm.dylib+0x7ccc92], sa_mask[0]=11111111111111111111111111111111, sa_flags=SA_RESTART|SA_SIGINFO
SIGFPE: [libjvm.dylib+0x7ccc92], sa_mask[0]=11111111111111111111111111111111, sa_flags=SA_RESTART|SA_SIGINFO
SIGPIPE: [libjvm.dylib+0x630218], sa_mask[0]=11111111111111111111111111111111, sa_flags=SA_RESTART|SA_SIGINFO
SIGXFSZ: [libjvm.dylib+0x630218], sa_mask[0]=11111111111111111111111111111111, sa_flags=SA_RESTART|SA_SIGINFO
SIGILL: [libjvm.dylib+0x7ccc92], sa_mask[0]=11111111111111111111111111111111, sa_flags=SA_RESTART|SA_SIGINFO
SIGUSR2: [libjvm.dylib+0x6307f6], sa_mask[0]=00100000000000000000000000000000, sa_flags=SA_RESTART|SA_SIGINFO
SIGHUP: [libjvm.dylib+0x62f3a9], sa_mask[0]=11111111111111111111111111111111, sa_flags=SA_RESTART|SA_SIGINFO
SIGINT: [libjvm.dylib+0x62f3a9], sa_mask[0]=11111111111111111111111111111111, sa_flags=SA_RESTART|SA_SIGINFO
SIGTERM: [libjvm.dylib+0x62f3a9], sa_mask[0]=11111111111111111111111111111111, sa_flags=SA_RESTART|SA_SIGINFO
SIGQUIT: [libjvm.dylib+0x62f3a9], sa_mask[0]=11111111111111111111111111111111, sa_flags=SA_RESTART|SA_SIGINFO


---------------  S Y S T E M  ---------------

OS:uname:Darwin 21.1.0 Darwin Kernel Version 21.1.0: Wed Oct 13 17:33:24 PDT 2021; root:xnu-8019.41.5~1/RELEASE_ARM64_T8101 x86_64
OS uptime: 0 days 11:43 hours
rlimit (soft/hard): STACK 8176k/65520k , CORE 0k/infinity , NPROC 2666/4000 , NOFILE 10240/infinity , AS infinity/infinity , CPU infinity/infinity , DATA infinity/infinity , FSIZE infinity/infinity , MEMLOCK infinity/infinity , RSS infinity/infinity
load average:3.58 3.32 2.71

CPU:total 8 (initial active 8) (1 cores per cpu, 1 threads per core) family 6 model 44 stepping 0 microcode 0x0, cmov, cx8, fxsr, mmx, sse, sse2, sse3, ssse3, sse4.1, sse4.2, popcnt, aes, clmul, tsc, tscinvbit, tscinv

Memory: 4k page, physical 16777216k(55004k free), swap 1048576k(1019392k free)

vm_info: OpenJDK 64-Bit Server VM (11.0.14.1+10-LTS) for bsd-amd64 JRE (11.0.14.1+10-LTS), built on Feb  8 2022 01:38:57 by "ec2user" with clang Apple LLVM 13.0.0 (clang-1300.0.29.30)

END.
